<!DOCTYPE html>
<html>
  <head>
    <meta charset="utf-8"/>
    <title id="head-title">report.html</title>
      <style type="text/css">body {
  font-family: Helvetica, Arial, sans-serif;
  font-size: 12px;
  /* do not increase min-width as some may use split screens */
  min-width: 800px;
  color: #999;
}

h1 {
  font-size: 24px;
  color: black;
}

h2 {
  font-size: 16px;
  color: black;
}

p {
  color: black;
}

a {
  color: #999;
}

table {
  border-collapse: collapse;
}

/******************************
 * SUMMARY INFORMATION
 ******************************/
#environment td {
  padding: 5px;
  border: 1px solid #e6e6e6;
  vertical-align: top;
}
#environment tr:nth-child(odd) {
  background-color: #f6f6f6;
}
#environment ul {
  margin: 0;
  padding: 0 20px;
}

/******************************
 * TEST RESULT COLORS
 ******************************/
span.passed,
.passed .col-result {
  color: green;
}

span.skipped,
span.xfailed,
span.rerun,
.skipped .col-result,
.xfailed .col-result,
.rerun .col-result {
  color: orange;
}

span.error,
span.failed,
span.xpassed,
.error .col-result,
.failed .col-result,
.xpassed .col-result {
  color: red;
}

.col-links__extra {
  margin-right: 3px;
}

/******************************
 * RESULTS TABLE
 *
 * 1. Table Layout
 * 2. Extra
 * 3. Sorting items
 *
 ******************************/
/*------------------
 * 1. Table Layout
 *------------------*/
#results-table {
  border: 1px solid #e6e6e6;
  color: #999;
  font-size: 12px;
  width: 100%;
}
#results-table th,
#results-table td {
  padding: 5px;
  border: 1px solid #e6e6e6;
  text-align: left;
}
#results-table th {
  font-weight: bold;
}

/*------------------
 * 2. Extra
 *------------------*/
.logwrapper {
  max-height: 230px;
  overflow-y: scroll;
  background-color: #e6e6e6;
}
.logwrapper.expanded {
  max-height: none;
}
.logwrapper.expanded .logexpander:after {
  content: "collapse [-]";
}
.logwrapper .logexpander {
  z-index: 1;
  position: sticky;
  top: 10px;
  width: max-content;
  border: 1px solid;
  border-radius: 3px;
  padding: 5px 7px;
  margin: 10px 0 10px calc(100% - 80px);
  cursor: pointer;
  background-color: #e6e6e6;
}
.logwrapper .logexpander:after {
  content: "expand [+]";
}
.logwrapper .logexpander:hover {
  color: #000;
  border-color: #000;
}
.logwrapper .log {
  min-height: 40px;
  position: relative;
  top: -50px;
  height: calc(100% + 50px);
  border: 1px solid #e6e6e6;
  color: black;
  display: block;
  font-family: "Courier New", Courier, monospace;
  padding: 5px;
  padding-right: 80px;
  white-space: pre-wrap;
}

div.media {
  border: 1px solid #e6e6e6;
  float: right;
  height: 240px;
  margin: 0 5px;
  overflow: hidden;
  width: 320px;
}

.media-container {
  display: grid;
  grid-template-columns: 25px auto 25px;
  align-items: center;
  flex: 1 1;
  overflow: hidden;
  height: 200px;
}

.media-container--fullscreen {
  grid-template-columns: 0px auto 0px;
}

.media-container__nav--right,
.media-container__nav--left {
  text-align: center;
  cursor: pointer;
}

.media-container__viewport {
  cursor: pointer;
  text-align: center;
  height: inherit;
}
.media-container__viewport img,
.media-container__viewport video {
  object-fit: cover;
  width: 100%;
  max-height: 100%;
}

.media__name,
.media__counter {
  display: flex;
  flex-direction: row;
  justify-content: space-around;
  flex: 0 0 25px;
  align-items: center;
}

.collapsible td:not(.col-links) {
  cursor: pointer;
}
.collapsible td:not(.col-links):hover::after {
  color: #bbb;
  font-style: italic;
  cursor: pointer;
}

.col-result {
  width: 130px;
}
.col-result:hover::after {
  content: " (hide details)";
}

.col-result.collapsed:hover::after {
  content: " (show details)";
}

#environment-header h2:hover::after {
  content: " (hide details)";
  color: #bbb;
  font-style: italic;
  cursor: pointer;
  font-size: 12px;
}

#environment-header.collapsed h2:hover::after {
  content: " (show details)";
  color: #bbb;
  font-style: italic;
  cursor: pointer;
  font-size: 12px;
}

/*------------------
 * 3. Sorting items
 *------------------*/
.sortable {
  cursor: pointer;
}
.sortable.desc:after {
  content: " ";
  position: relative;
  left: 5px;
  bottom: -12.5px;
  border: 10px solid #4caf50;
  border-bottom: 0;
  border-left-color: transparent;
  border-right-color: transparent;
}
.sortable.asc:after {
  content: " ";
  position: relative;
  left: 5px;
  bottom: 12.5px;
  border: 10px solid #4caf50;
  border-top: 0;
  border-left-color: transparent;
  border-right-color: transparent;
}

.hidden, .summary__reload__button.hidden {
  display: none;
}

.summary__data {
  flex: 0 0 550px;
}
.summary__reload {
  flex: 1 1;
  display: flex;
  justify-content: center;
}
.summary__reload__button {
  flex: 0 0 300px;
  display: flex;
  color: white;
  font-weight: bold;
  background-color: #4caf50;
  text-align: center;
  justify-content: center;
  align-items: center;
  border-radius: 3px;
  cursor: pointer;
}
.summary__reload__button:hover {
  background-color: #46a049;
}
.summary__spacer {
  flex: 0 0 550px;
}

.controls {
  display: flex;
  justify-content: space-between;
}

.filters,
.collapse {
  display: flex;
  align-items: center;
}
.filters button,
.collapse button {
  color: #999;
  border: none;
  background: none;
  cursor: pointer;
  text-decoration: underline;
}
.filters button:hover,
.collapse button:hover {
  color: #ccc;
}

.filter__label {
  margin-right: 10px;
}

      </style>
    
  </head>
  <body>
    <h1 id="title">report.html</h1>
    <p>Report generated on 30-Sep-2025 at 11:34:44 by <a href="https://pypi.python.org/pypi/pytest-html">pytest-html</a>
        v4.1.1</p>
    <div id="environment-header">
      <h2>Environment</h2>
    </div>
    <table id="environment"></table>
    <!-- TEMPLATES -->
      <template id="template_environment_row">
      <tr>
        <td></td>
        <td></td>
      </tr>
    </template>
    <template id="template_results-table__body--empty">
      <tbody class="results-table-row">
        <tr id="not-found-message">
          <td colspan="4">No results found. Check the filters.</th>
        </tr>
    </template>
    <template id="template_results-table__tbody">
      <tbody class="results-table-row">
        <tr class="collapsible">
        </tr>
        <tr class="extras-row">
          <td class="extra" colspan="4">
            <div class="extraHTML"></div>
            <div class="media">
              <div class="media-container">
                  <div class="media-container__nav--left"><</div>
                  <div class="media-container__viewport">
                    <img src="" />
                    <video controls>
                      <source src="" type="video/mp4">
                    </video>
                  </div>
                  <div class="media-container__nav--right">></div>
                </div>
                <div class="media__name"></div>
                <div class="media__counter"></div>
            </div>
            <div class="logwrapper">
              <div class="logexpander"></div>
              <div class="log"></div>
            </div>
          </td>
        </tr>
      </tbody>
    </template>
    <!-- END TEMPLATES -->
    <div class="summary">
      <div class="summary__data">
        <h2>Summary</h2>
        <div class="additional-summary prefix">
        </div>
        <p class="run-count">33 tests took 00:08:05.</p>
        <p class="filter">(Un)check the boxes to filter the results.</p>
        <div class="summary__reload">
          <div class="summary__reload__button hidden" onclick="location.reload()">
            <div>There are still tests running. <br />Reload this page to get the latest results!</div>
          </div>
        </div>
        <div class="summary__spacer"></div>
        <div class="controls">
          <div class="filters">
            <input checked="true" class="filter" name="filter_checkbox" type="checkbox" data-test-result="failed" />
            <span class="failed">4 Failed,</span>
            <input checked="true" class="filter" name="filter_checkbox" type="checkbox" data-test-result="passed" />
            <span class="passed">29 Passed,</span>
            <input checked="true" class="filter" name="filter_checkbox" type="checkbox" data-test-result="skipped" disabled/>
            <span class="skipped">0 Skipped,</span>
            <input checked="true" class="filter" name="filter_checkbox" type="checkbox" data-test-result="xfailed" disabled/>
            <span class="xfailed">0 Expected failures,</span>
            <input checked="true" class="filter" name="filter_checkbox" type="checkbox" data-test-result="xpassed" disabled/>
            <span class="xpassed">0 Unexpected passes,</span>
            <input checked="true" class="filter" name="filter_checkbox" type="checkbox" data-test-result="error" disabled/>
            <span class="error">0 Errors,</span>
            <input checked="true" class="filter" name="filter_checkbox" type="checkbox" data-test-result="rerun" disabled/>
            <span class="rerun">0 Reruns</span>
          </div>
          <div class="collapse">
            <button id="show_all_details">Show all details</button>&nbsp;/&nbsp;<button id="hide_all_details">Hide all details</button>
          </div>
        </div>
      </div>
      <div class="additional-summary summary">
      </div>
      <div class="additional-summary postfix">
      </div>
    </div>
    <table id="results-table">
      <thead id="results-table-head">
        <tr>
          <th class="sortable" data-column-type="result">Result</th>
          <th class="sortable" data-column-type="testId">Test</th>
          <th class="sortable" data-column-type="duration">Duration</th>
          <th>Links</th>
        </tr>
      </thead>
    </table>
  </body>
  <footer>
    <div id="data-container" data-jsonblob="{&#34;environment&#34;: {&#34;Python&#34;: &#34;3.9.6&#34;, &#34;Platform&#34;: &#34;macOS-15.6.1-x86_64-i386-64bit&#34;, &#34;Packages&#34;: {&#34;pytest&#34;: &#34;8.4.2&#34;, &#34;pluggy&#34;: &#34;1.6.0&#34;}, &#34;Plugins&#34;: {&#34;allure-pytest&#34;: &#34;2.15.0&#34;, &#34;html&#34;: &#34;4.1.1&#34;, &#34;xdist&#34;: &#34;3.8.0&#34;, &#34;metadata&#34;: &#34;3.1.1&#34;, &#34;cov&#34;: &#34;7.0.0&#34;}}, &#34;tests&#34;: {&#34;tests/test_alerts.py::test_alerts_interaction[chrome-chrome]&#34;: [{&#34;extras&#34;: [], &#34;result&#34;: &#34;Passed&#34;, &#34;testId&#34;: &#34;tests/test_alerts.py::test_alerts_interaction[chrome-chrome]&#34;, &#34;duration&#34;: &#34;00:00:10&#34;, &#34;resultsTableRow&#34;: [&#34;&lt;td class=\&#34;col-result\&#34;&gt;Passed&lt;/td&gt;&#34;, &#34;&lt;td class=\&#34;col-testId\&#34;&gt;tests/test_alerts.py::test_alerts_interaction[chrome-chrome]&lt;/td&gt;&#34;, &#34;&lt;td class=\&#34;col-duration\&#34;&gt;00:00:10&lt;/td&gt;&#34;, &#34;&lt;td class=\&#34;col-links\&#34;&gt;&lt;/td&gt;&#34;], &#34;log&#34;: &#34;[gw1] darwin -- Python 3.9.6 /Users/evog/Documents/projeto-automacao/teste-projeto.venv/bin/python3\n\n---------------------------- Captured stdout setup -----------------------------\n\n[START] Test &amp;#x27;tests/test_alerts.py::test_alerts_interaction[chrome-chrome]&amp;#x27; - 11:30:37\n--------------------------- Captured stdout teardown ---------------------------\n[END] Test &amp;#x27;tests/test_alerts.py::test_alerts_interaction[chrome-chrome]&amp;#x27; finished in 9.90 seconds.\n&#34;}], &#34;tests/test_alerts.py::test_alerts_confirm_box[chrome-chrome]&#34;: [{&#34;extras&#34;: [], &#34;result&#34;: &#34;Passed&#34;, &#34;testId&#34;: &#34;tests/test_alerts.py::test_alerts_confirm_box[chrome-chrome]&#34;, &#34;duration&#34;: &#34;00:00:15&#34;, &#34;resultsTableRow&#34;: [&#34;&lt;td class=\&#34;col-result\&#34;&gt;Passed&lt;/td&gt;&#34;, &#34;&lt;td class=\&#34;col-testId\&#34;&gt;tests/test_alerts.py::test_alerts_confirm_box[chrome-chrome]&lt;/td&gt;&#34;, &#34;&lt;td class=\&#34;col-duration\&#34;&gt;00:00:15&lt;/td&gt;&#34;, &#34;&lt;td class=\&#34;col-links\&#34;&gt;&lt;/td&gt;&#34;], &#34;log&#34;: &#34;[gw0] darwin -- Python 3.9.6 /Users/evog/Documents/projeto-automacao/teste-projeto.venv/bin/python3\n\n---------------------------- Captured stdout setup -----------------------------\n\n[START] Test &amp;#x27;tests/test_alerts.py::test_alerts_confirm_box[chrome-chrome]&amp;#x27; - 11:30:37\n--------------------------- Captured stdout teardown ---------------------------\n[END] Test &amp;#x27;tests/test_alerts.py::test_alerts_confirm_box[chrome-chrome]&amp;#x27; finished in 14.99 seconds.\n&#34;}], &#34;tests/test_alerts.py::test_alerts_interaction[firefox-chrome]&#34;: [{&#34;extras&#34;: [], &#34;result&#34;: &#34;Passed&#34;, &#34;testId&#34;: &#34;tests/test_alerts.py::test_alerts_interaction[firefox-chrome]&#34;, &#34;duration&#34;: &#34;00:00:11&#34;, &#34;resultsTableRow&#34;: [&#34;&lt;td class=\&#34;col-result\&#34;&gt;Passed&lt;/td&gt;&#34;, &#34;&lt;td class=\&#34;col-testId\&#34;&gt;tests/test_alerts.py::test_alerts_interaction[firefox-chrome]&lt;/td&gt;&#34;, &#34;&lt;td class=\&#34;col-duration\&#34;&gt;00:00:11&lt;/td&gt;&#34;, &#34;&lt;td class=\&#34;col-links\&#34;&gt;&lt;/td&gt;&#34;], &#34;log&#34;: &#34;[gw1] darwin -- Python 3.9.6 /Users/evog/Documents/projeto-automacao/teste-projeto.venv/bin/python3\n\n---------------------------- Captured stdout setup -----------------------------\n\n[START] Test &amp;#x27;tests/test_alerts.py::test_alerts_interaction[firefox-chrome]&amp;#x27; - 11:30:47\n--------------------------- Captured stdout teardown ---------------------------\n[END] Test &amp;#x27;tests/test_alerts.py::test_alerts_interaction[firefox-chrome]&amp;#x27; finished in 10.96 seconds.\n&#34;}], &#34;tests/test_alerts.py::test_alerts_confirm_box[firefox-chrome]&#34;: [{&#34;extras&#34;: [], &#34;result&#34;: &#34;Passed&#34;, &#34;testId&#34;: &#34;tests/test_alerts.py::test_alerts_confirm_box[firefox-chrome]&#34;, &#34;duration&#34;: &#34;00:00:11&#34;, &#34;resultsTableRow&#34;: [&#34;&lt;td class=\&#34;col-result\&#34;&gt;Passed&lt;/td&gt;&#34;, &#34;&lt;td class=\&#34;col-testId\&#34;&gt;tests/test_alerts.py::test_alerts_confirm_box[firefox-chrome]&lt;/td&gt;&#34;, &#34;&lt;td class=\&#34;col-duration\&#34;&gt;00:00:11&lt;/td&gt;&#34;, &#34;&lt;td class=\&#34;col-links\&#34;&gt;&lt;/td&gt;&#34;], &#34;log&#34;: &#34;[gw0] darwin -- Python 3.9.6 /Users/evog/Documents/projeto-automacao/teste-projeto.venv/bin/python3\n\n---------------------------- Captured stdout setup -----------------------------\n\n[START] Test &amp;#x27;tests/test_alerts.py::test_alerts_confirm_box[firefox-chrome]&amp;#x27; - 11:30:52\n--------------------------- Captured stdout teardown ---------------------------\n[END] Test &amp;#x27;tests/test_alerts.py::test_alerts_confirm_box[firefox-chrome]&amp;#x27; finished in 11.42 seconds.\n&#34;}], &#34;tests/test_alerts.py::test_alerts_5seconds[chrome-chrome]&#34;: [{&#34;extras&#34;: [], &#34;result&#34;: &#34;Passed&#34;, &#34;testId&#34;: &#34;tests/test_alerts.py::test_alerts_5seconds[chrome-chrome]&#34;, &#34;duration&#34;: &#34;00:00:16&#34;, &#34;resultsTableRow&#34;: [&#34;&lt;td class=\&#34;col-result\&#34;&gt;Passed&lt;/td&gt;&#34;, &#34;&lt;td class=\&#34;col-testId\&#34;&gt;tests/test_alerts.py::test_alerts_5seconds[chrome-chrome]&lt;/td&gt;&#34;, &#34;&lt;td class=\&#34;col-duration\&#34;&gt;00:00:16&lt;/td&gt;&#34;, &#34;&lt;td class=\&#34;col-links\&#34;&gt;&lt;/td&gt;&#34;], &#34;log&#34;: &#34;[gw1] darwin -- Python 3.9.6 /Users/evog/Documents/projeto-automacao/teste-projeto.venv/bin/python3\n\n---------------------------- Captured stdout setup -----------------------------\n\n[START] Test &amp;#x27;tests/test_alerts.py::test_alerts_5seconds[chrome-chrome]&amp;#x27; - 11:30:58\n--------------------------- Captured stdout teardown ---------------------------\n[END] Test &amp;#x27;tests/test_alerts.py::test_alerts_5seconds[chrome-chrome]&amp;#x27; finished in 16.18 seconds.\n&#34;}], &#34;tests/test_alerts.py::test_alerts_prompt_box[chrome-chrome]&#34;: [{&#34;extras&#34;: [], &#34;result&#34;: &#34;Passed&#34;, &#34;testId&#34;: &#34;tests/test_alerts.py::test_alerts_prompt_box[chrome-chrome]&#34;, &#34;duration&#34;: &#34;00:00:16&#34;, &#34;resultsTableRow&#34;: [&#34;&lt;td class=\&#34;col-result\&#34;&gt;Passed&lt;/td&gt;&#34;, &#34;&lt;td class=\&#34;col-testId\&#34;&gt;tests/test_alerts.py::test_alerts_prompt_box[chrome-chrome]&lt;/td&gt;&#34;, &#34;&lt;td class=\&#34;col-duration\&#34;&gt;00:00:16&lt;/td&gt;&#34;, &#34;&lt;td class=\&#34;col-links\&#34;&gt;&lt;/td&gt;&#34;], &#34;log&#34;: &#34;[gw0] darwin -- Python 3.9.6 /Users/evog/Documents/projeto-automacao/teste-projeto.venv/bin/python3\n\n---------------------------- Captured stdout setup -----------------------------\n\n[START] Test &amp;#x27;tests/test_alerts.py::test_alerts_prompt_box[chrome-chrome]&amp;#x27; - 11:31:04\n--------------------------- Captured stdout teardown ---------------------------\n[END] Test &amp;#x27;tests/test_alerts.py::test_alerts_prompt_box[chrome-chrome]&amp;#x27; finished in 16.07 seconds.\n&#34;}], &#34;tests/test_alerts.py::test_alerts_5seconds[firefox-chrome]&#34;: [{&#34;extras&#34;: [], &#34;result&#34;: &#34;Passed&#34;, &#34;testId&#34;: &#34;tests/test_alerts.py::test_alerts_5seconds[firefox-chrome]&#34;, &#34;duration&#34;: &#34;00:00:16&#34;, &#34;resultsTableRow&#34;: [&#34;&lt;td class=\&#34;col-result\&#34;&gt;Passed&lt;/td&gt;&#34;, &#34;&lt;td class=\&#34;col-testId\&#34;&gt;tests/test_alerts.py::test_alerts_5seconds[firefox-chrome]&lt;/td&gt;&#34;, &#34;&lt;td class=\&#34;col-duration\&#34;&gt;00:00:16&lt;/td&gt;&#34;, &#34;&lt;td class=\&#34;col-links\&#34;&gt;&lt;/td&gt;&#34;], &#34;log&#34;: &#34;[gw1] darwin -- Python 3.9.6 /Users/evog/Documents/projeto-automacao/teste-projeto.venv/bin/python3\n\n---------------------------- Captured stdout setup -----------------------------\n\n[START] Test &amp;#x27;tests/test_alerts.py::test_alerts_5seconds[firefox-chrome]&amp;#x27; - 11:31:14\n--------------------------- Captured stdout teardown ---------------------------\n[END] Test &amp;#x27;tests/test_alerts.py::test_alerts_5seconds[firefox-chrome]&amp;#x27; finished in 16.28 seconds.\n&#34;}], &#34;tests/test_alerts.py::test_alerts_prompt_box[firefox-chrome]&#34;: [{&#34;extras&#34;: [], &#34;result&#34;: &#34;Passed&#34;, &#34;testId&#34;: &#34;tests/test_alerts.py::test_alerts_prompt_box[firefox-chrome]&#34;, &#34;duration&#34;: &#34;00:00:16&#34;, &#34;resultsTableRow&#34;: [&#34;&lt;td class=\&#34;col-result\&#34;&gt;Passed&lt;/td&gt;&#34;, &#34;&lt;td class=\&#34;col-testId\&#34;&gt;tests/test_alerts.py::test_alerts_prompt_box[firefox-chrome]&lt;/td&gt;&#34;, &#34;&lt;td class=\&#34;col-duration\&#34;&gt;00:00:16&lt;/td&gt;&#34;, &#34;&lt;td class=\&#34;col-links\&#34;&gt;&lt;/td&gt;&#34;], &#34;log&#34;: &#34;[gw0] darwin -- Python 3.9.6 /Users/evog/Documents/projeto-automacao/teste-projeto.venv/bin/python3\n\n---------------------------- Captured stdout setup -----------------------------\n\n[START] Test &amp;#x27;tests/test_alerts.py::test_alerts_prompt_box[firefox-chrome]&amp;#x27; - 11:31:20\n--------------------------- Captured stdout teardown ---------------------------\n[END] Test &amp;#x27;tests/test_alerts.py::test_alerts_prompt_box[firefox-chrome]&amp;#x27; finished in 16.08 seconds.\n&#34;}], &#34;tests/test_check_box.py::test_check_box_commands[chrome-chrome]&#34;: [{&#34;extras&#34;: [], &#34;result&#34;: &#34;Passed&#34;, &#34;testId&#34;: &#34;tests/test_check_box.py::test_check_box_commands[chrome-chrome]&#34;, &#34;duration&#34;: &#34;00:00:11&#34;, &#34;resultsTableRow&#34;: [&#34;&lt;td class=\&#34;col-result\&#34;&gt;Passed&lt;/td&gt;&#34;, &#34;&lt;td class=\&#34;col-testId\&#34;&gt;tests/test_check_box.py::test_check_box_commands[chrome-chrome]&lt;/td&gt;&#34;, &#34;&lt;td class=\&#34;col-duration\&#34;&gt;00:00:11&lt;/td&gt;&#34;, &#34;&lt;td class=\&#34;col-links\&#34;&gt;&lt;/td&gt;&#34;], &#34;log&#34;: &#34;[gw1] darwin -- Python 3.9.6 /Users/evog/Documents/projeto-automacao/teste-projeto.venv/bin/python3\n\n---------------------------- Captured stdout setup -----------------------------\n\n[START] Test &amp;#x27;tests/test_check_box.py::test_check_box_commands[chrome-chrome]&amp;#x27; - 11:31:31\n--------------------------- Captured stdout teardown ---------------------------\n[END] Test &amp;#x27;tests/test_check_box.py::test_check_box_commands[chrome-chrome]&amp;#x27; finished in 10.95 seconds.\n&#34;}], &#34;tests/test_elements.py::test_locate_by_id[firefox-chrome]&#34;: [{&#34;extras&#34;: [], &#34;result&#34;: &#34;Passed&#34;, &#34;testId&#34;: &#34;tests/test_elements.py::test_locate_by_id[firefox-chrome]&#34;, &#34;duration&#34;: &#34;00:00:11&#34;, &#34;resultsTableRow&#34;: [&#34;&lt;td class=\&#34;col-result\&#34;&gt;Passed&lt;/td&gt;&#34;, &#34;&lt;td class=\&#34;col-testId\&#34;&gt;tests/test_elements.py::test_locate_by_id[firefox-chrome]&lt;/td&gt;&#34;, &#34;&lt;td class=\&#34;col-duration\&#34;&gt;00:00:11&lt;/td&gt;&#34;, &#34;&lt;td class=\&#34;col-links\&#34;&gt;&lt;/td&gt;&#34;], &#34;log&#34;: &#34;[gw0] darwin -- Python 3.9.6 /Users/evog/Documents/projeto-automacao/teste-projeto.venv/bin/python3\n\n---------------------------- Captured stdout setup -----------------------------\n\n[START] Test &amp;#x27;tests/test_elements.py::test_locate_by_id[firefox-chrome]&amp;#x27; - 11:31:36\n--------------------------- Captured stdout teardown ---------------------------\n[END] Test &amp;#x27;tests/test_elements.py::test_locate_by_id[firefox-chrome]&amp;#x27; finished in 10.79 seconds.\n&#34;}], &#34;tests/test_check_box.py::test_check_box_commands[firefox-chrome]&#34;: [{&#34;extras&#34;: [], &#34;result&#34;: &#34;Passed&#34;, &#34;testId&#34;: &#34;tests/test_check_box.py::test_check_box_commands[firefox-chrome]&#34;, &#34;duration&#34;: &#34;00:00:11&#34;, &#34;resultsTableRow&#34;: [&#34;&lt;td class=\&#34;col-result\&#34;&gt;Passed&lt;/td&gt;&#34;, &#34;&lt;td class=\&#34;col-testId\&#34;&gt;tests/test_check_box.py::test_check_box_commands[firefox-chrome]&lt;/td&gt;&#34;, &#34;&lt;td class=\&#34;col-duration\&#34;&gt;00:00:11&lt;/td&gt;&#34;, &#34;&lt;td class=\&#34;col-links\&#34;&gt;&lt;/td&gt;&#34;], &#34;log&#34;: &#34;[gw1] darwin -- Python 3.9.6 /Users/evog/Documents/projeto-automacao/teste-projeto.venv/bin/python3\n\n---------------------------- Captured stdout setup -----------------------------\n\n[START] Test &amp;#x27;tests/test_check_box.py::test_check_box_commands[firefox-chrome]&amp;#x27; - 11:31:42\n--------------------------- Captured stdout teardown ---------------------------\n[END] Test &amp;#x27;tests/test_check_box.py::test_check_box_commands[firefox-chrome]&amp;#x27; finished in 10.63 seconds.\n&#34;}], &#34;tests/test_elements.py::test_locate_by_css_selector[chrome-chrome]&#34;: [{&#34;extras&#34;: [], &#34;result&#34;: &#34;Passed&#34;, &#34;testId&#34;: &#34;tests/test_elements.py::test_locate_by_css_selector[chrome-chrome]&#34;, &#34;duration&#34;: &#34;00:00:12&#34;, &#34;resultsTableRow&#34;: [&#34;&lt;td class=\&#34;col-result\&#34;&gt;Passed&lt;/td&gt;&#34;, &#34;&lt;td class=\&#34;col-testId\&#34;&gt;tests/test_elements.py::test_locate_by_css_selector[chrome-chrome]&lt;/td&gt;&#34;, &#34;&lt;td class=\&#34;col-duration\&#34;&gt;00:00:12&lt;/td&gt;&#34;, &#34;&lt;td class=\&#34;col-links\&#34;&gt;&lt;/td&gt;&#34;], &#34;log&#34;: &#34;[gw0] darwin -- Python 3.9.6 /Users/evog/Documents/projeto-automacao/teste-projeto.venv/bin/python3\n\n---------------------------- Captured stdout setup -----------------------------\n\n[START] Test &amp;#x27;tests/test_elements.py::test_locate_by_css_selector[chrome-chrome]&amp;#x27; - 11:31:47\n--------------------------- Captured stdout teardown ---------------------------\n[END] Test &amp;#x27;tests/test_elements.py::test_locate_by_css_selector[chrome-chrome]&amp;#x27; finished in 11.72 seconds.\n&#34;}], &#34;tests/test_elements.py::test_navigate_to_elements_page[chrome-chrome]&#34;: [{&#34;extras&#34;: [], &#34;result&#34;: &#34;Passed&#34;, &#34;testId&#34;: &#34;tests/test_elements.py::test_navigate_to_elements_page[chrome-chrome]&#34;, &#34;duration&#34;: &#34;00:00:12&#34;, &#34;resultsTableRow&#34;: [&#34;&lt;td class=\&#34;col-result\&#34;&gt;Passed&lt;/td&gt;&#34;, &#34;&lt;td class=\&#34;col-testId\&#34;&gt;tests/test_elements.py::test_navigate_to_elements_page[chrome-chrome]&lt;/td&gt;&#34;, &#34;&lt;td class=\&#34;col-duration\&#34;&gt;00:00:12&lt;/td&gt;&#34;, &#34;&lt;td class=\&#34;col-links\&#34;&gt;&lt;/td&gt;&#34;], &#34;log&#34;: &#34;[gw1] darwin -- Python 3.9.6 /Users/evog/Documents/projeto-automacao/teste-projeto.venv/bin/python3\n\n---------------------------- Captured stdout setup -----------------------------\n\n[START] Test &amp;#x27;tests/test_elements.py::test_navigate_to_elements_page[chrome-chrome]&amp;#x27; - 11:31:52\n--------------------------- Captured stdout teardown ---------------------------\n[END] Test &amp;#x27;tests/test_elements.py::test_navigate_to_elements_page[chrome-chrome]&amp;#x27; finished in 12.29 seconds.\n&#34;}], &#34;tests/test_elements.py::test_locate_by_css_selector[firefox-chrome]&#34;: [{&#34;extras&#34;: [], &#34;result&#34;: &#34;Passed&#34;, &#34;testId&#34;: &#34;tests/test_elements.py::test_locate_by_css_selector[firefox-chrome]&#34;, &#34;duration&#34;: &#34;00:00:12&#34;, &#34;resultsTableRow&#34;: [&#34;&lt;td class=\&#34;col-result\&#34;&gt;Passed&lt;/td&gt;&#34;, &#34;&lt;td class=\&#34;col-testId\&#34;&gt;tests/test_elements.py::test_locate_by_css_selector[firefox-chrome]&lt;/td&gt;&#34;, &#34;&lt;td class=\&#34;col-duration\&#34;&gt;00:00:12&lt;/td&gt;&#34;, &#34;&lt;td class=\&#34;col-links\&#34;&gt;&lt;/td&gt;&#34;], &#34;log&#34;: &#34;[gw0] darwin -- Python 3.9.6 /Users/evog/Documents/projeto-automacao/teste-projeto.venv/bin/python3\n\n---------------------------- Captured stdout setup -----------------------------\n\n[START] Test &amp;#x27;tests/test_elements.py::test_locate_by_css_selector[firefox-chrome]&amp;#x27; - 11:31:58\n--------------------------- Captured stdout teardown ---------------------------\n[END] Test &amp;#x27;tests/test_elements.py::test_locate_by_css_selector[firefox-chrome]&amp;#x27; finished in 12.30 seconds.\n&#34;}], &#34;tests/test_elements.py::test_navigate_to_elements_page[firefox-chrome]&#34;: [{&#34;extras&#34;: [], &#34;result&#34;: &#34;Passed&#34;, &#34;testId&#34;: &#34;tests/test_elements.py::test_navigate_to_elements_page[firefox-chrome]&#34;, &#34;duration&#34;: &#34;00:00:11&#34;, &#34;resultsTableRow&#34;: [&#34;&lt;td class=\&#34;col-result\&#34;&gt;Passed&lt;/td&gt;&#34;, &#34;&lt;td class=\&#34;col-testId\&#34;&gt;tests/test_elements.py::test_navigate_to_elements_page[firefox-chrome]&lt;/td&gt;&#34;, &#34;&lt;td class=\&#34;col-duration\&#34;&gt;00:00:11&lt;/td&gt;&#34;, &#34;&lt;td class=\&#34;col-links\&#34;&gt;&lt;/td&gt;&#34;], &#34;log&#34;: &#34;[gw1] darwin -- Python 3.9.6 /Users/evog/Documents/projeto-automacao/teste-projeto.venv/bin/python3\n\n---------------------------- Captured stdout setup -----------------------------\n\n[START] Test &amp;#x27;tests/test_elements.py::test_navigate_to_elements_page[firefox-chrome]&amp;#x27; - 11:32:05\n--------------------------- Captured stdout teardown ---------------------------\n[END] Test &amp;#x27;tests/test_elements.py::test_navigate_to_elements_page[firefox-chrome]&amp;#x27; finished in 11.47 seconds.\n&#34;}], &#34;tests/test_elements.py::test_locate_by_xpath[chrome-chrome]&#34;: [{&#34;extras&#34;: [], &#34;result&#34;: &#34;Passed&#34;, &#34;testId&#34;: &#34;tests/test_elements.py::test_locate_by_xpath[chrome-chrome]&#34;, &#34;duration&#34;: &#34;00:00:11&#34;, &#34;resultsTableRow&#34;: [&#34;&lt;td class=\&#34;col-result\&#34;&gt;Passed&lt;/td&gt;&#34;, &#34;&lt;td class=\&#34;col-testId\&#34;&gt;tests/test_elements.py::test_locate_by_xpath[chrome-chrome]&lt;/td&gt;&#34;, &#34;&lt;td class=\&#34;col-duration\&#34;&gt;00:00:11&lt;/td&gt;&#34;, &#34;&lt;td class=\&#34;col-links\&#34;&gt;&lt;/td&gt;&#34;], &#34;log&#34;: &#34;[gw0] darwin -- Python 3.9.6 /Users/evog/Documents/projeto-automacao/teste-projeto.venv/bin/python3\n\n---------------------------- Captured stdout setup -----------------------------\n\n[START] Test &amp;#x27;tests/test_elements.py::test_locate_by_xpath[chrome-chrome]&amp;#x27; - 11:32:11\n--------------------------- Captured stdout teardown ---------------------------\n[END] Test &amp;#x27;tests/test_elements.py::test_locate_by_xpath[chrome-chrome]&amp;#x27; finished in 10.50 seconds.\n&#34;}], &#34;tests/test_elements.py::test_locate_by_id[chrome-chrome]&#34;: [{&#34;extras&#34;: [], &#34;result&#34;: &#34;Passed&#34;, &#34;testId&#34;: &#34;tests/test_elements.py::test_locate_by_id[chrome-chrome]&#34;, &#34;duration&#34;: &#34;00:00:10&#34;, &#34;resultsTableRow&#34;: [&#34;&lt;td class=\&#34;col-result\&#34;&gt;Passed&lt;/td&gt;&#34;, &#34;&lt;td class=\&#34;col-testId\&#34;&gt;tests/test_elements.py::test_locate_by_id[chrome-chrome]&lt;/td&gt;&#34;, &#34;&lt;td class=\&#34;col-duration\&#34;&gt;00:00:10&lt;/td&gt;&#34;, &#34;&lt;td class=\&#34;col-links\&#34;&gt;&lt;/td&gt;&#34;], &#34;log&#34;: &#34;[gw1] darwin -- Python 3.9.6 /Users/evog/Documents/projeto-automacao/teste-projeto.venv/bin/python3\n\n---------------------------- Captured stdout setup -----------------------------\n\n[START] Test &amp;#x27;tests/test_elements.py::test_locate_by_id[chrome-chrome]&amp;#x27; - 11:32:16\n--------------------------- Captured stdout teardown ---------------------------\n[END] Test &amp;#x27;tests/test_elements.py::test_locate_by_id[chrome-chrome]&amp;#x27; finished in 10.00 seconds.\n&#34;}], &#34;tests/test_elements.py::test_locate_by_xpath[firefox-chrome]&#34;: [{&#34;extras&#34;: [], &#34;result&#34;: &#34;Passed&#34;, &#34;testId&#34;: &#34;tests/test_elements.py::test_locate_by_xpath[firefox-chrome]&#34;, &#34;duration&#34;: &#34;00:00:11&#34;, &#34;resultsTableRow&#34;: [&#34;&lt;td class=\&#34;col-result\&#34;&gt;Passed&lt;/td&gt;&#34;, &#34;&lt;td class=\&#34;col-testId\&#34;&gt;tests/test_elements.py::test_locate_by_xpath[firefox-chrome]&lt;/td&gt;&#34;, &#34;&lt;td class=\&#34;col-duration\&#34;&gt;00:00:11&lt;/td&gt;&#34;, &#34;&lt;td class=\&#34;col-links\&#34;&gt;&lt;/td&gt;&#34;], &#34;log&#34;: &#34;[gw0] darwin -- Python 3.9.6 /Users/evog/Documents/projeto-automacao/teste-projeto.venv/bin/python3\n\n---------------------------- Captured stdout setup -----------------------------\n\n[START] Test &amp;#x27;tests/test_elements.py::test_locate_by_xpath[firefox-chrome]&amp;#x27; - 11:32:21\n--------------------------- Captured stdout teardown ---------------------------\n[END] Test &amp;#x27;tests/test_elements.py::test_locate_by_xpath[firefox-chrome]&amp;#x27; finished in 10.91 seconds.\n&#34;}], &#34;tests/test_practice_form.py::test_fill_practice_form[firefox-chrome-data0]&#34;: [{&#34;extras&#34;: [{&#34;name&#34;: null, &#34;format_type&#34;: &#34;html&#34;, &#34;content&#34;: &#34;&lt;div&gt;&lt;img src=\&#34;screenshots/test_fill_practice_form[firefox-chrome-data0]_error.png\&#34; alt=\&#34;screenshot\&#34; style=\&#34;width:304px;height:228px;\&#34; onclick=\&#34;window.open(this.src)\&#34; align=\&#34;right\&#34;/&gt;&lt;/div&gt;&#34;, &#34;mime_type&#34;: null, &#34;extension&#34;: null}], &#34;result&#34;: &#34;Failed&#34;, &#34;testId&#34;: &#34;tests/test_practice_form.py::test_fill_practice_form[firefox-chrome-data0]&#34;, &#34;duration&#34;: &#34;00:00:25&#34;, &#34;resultsTableRow&#34;: [&#34;&lt;td class=\&#34;col-result\&#34;&gt;Failed&lt;/td&gt;&#34;, &#34;&lt;td class=\&#34;col-testId\&#34;&gt;tests/test_practice_form.py::test_fill_practice_form[firefox-chrome-data0]&lt;/td&gt;&#34;, &#34;&lt;td class=\&#34;col-duration\&#34;&gt;00:00:25&lt;/td&gt;&#34;, &#34;&lt;td class=\&#34;col-links\&#34;&gt;&lt;/td&gt;&#34;], &#34;log&#34;: &#34;[gw1] darwin -- Python 3.9.6 /Users/evog/Documents/projeto-automacao/teste-projeto.venv/bin/python3\n\ndriver = &amp;lt;selenium.webdriver.remote.webdriver.WebDriver (session=&amp;quot;800a5455e9dccc03d3605523ee588d27&amp;quot;)&amp;gt;\ndata = {&amp;#x27;address&amp;#x27;: &amp;#x27;123 Main Street&amp;#x27;, &amp;#x27;city&amp;#x27;: &amp;#x27;Delhi&amp;#x27;, &amp;#x27;dob&amp;#x27;: &amp;#x27;15 May 1990&amp;#x27;, &amp;#x27;email&amp;#x27;: &amp;#x27;john.doe@example.com&amp;#x27;, ...}\n\n    @pytest.mark.parametrize(&amp;quot;data&amp;quot;, load_json_data(&amp;quot;data/practice_form_data.json&amp;quot;))\n    def test_fill_practice_form(driver, data):\n        form_page = PracticeFormPage(driver)\n        form_page.navigate()\n&amp;gt;       form_page.fill_form(data)\n\ntests/test_practice_form.py:9: \n_ _ _ _ _ _ _ _ _ _ _ _ _ _ _ _ _ _ _ _ _ _ _ _ _ _ _ _ _ _ _ _ _ _ _ _ _ _ _ _ _ _ _ _ _ _ _ _ _ _ _ _ _ _ _ _ _ _ _ _ _ _ _ _ _ _ _ _ _ _ _ _ _ _ _ _ _ _ _ _ _ _ _ _ _ _ _ _ _ _ _ _ _ _ _ _ _ _ _ _ _ _ _ _ _ _ \npages/practice_form_page.py:56: in fill_form\n    subject_text = self.wait.until(EC.element_to_be_clickable(self.subject_text))\n_ _ _ _ _ _ _ _ _ _ _ _ _ _ _ _ _ _ _ _ _ _ _ _ _ _ _ _ _ _ _ _ _ _ _ _ _ _ _ _ _ _ _ _ _ _ _ _ _ _ _ _ _ _ _ _ _ _ _ _ _ _ _ _ _ _ _ _ _ _ _ _ _ _ _ _ _ _ _ _ _ _ _ _ _ _ _ _ _ _ _ _ _ _ _ _ _ _ _ _ _ _ _ _ _ _ \n\nself = &amp;lt;selenium.webdriver.support.wait.WebDriverWait (session=&amp;quot;800a5455e9dccc03d3605523ee588d27&amp;quot;)&amp;gt;, method = &amp;lt;function element_to_be_clickable.&amp;lt;locals&amp;gt;._predicate at 0x10a725f70&amp;gt;, message = &amp;#x27;&amp;#x27;\n\n    def until(self, method: Callable[[D], Union[Literal[False], T]], message: str = &amp;quot;&amp;quot;) -&amp;gt; T:\n        &amp;quot;&amp;quot;&amp;quot;Wait until the method returns a value that is not False.\n    \n        Calls the method provided with the driver as an argument until the\n        return value does not evaluate to ``False``.\n    \n        Parameters:\n        -----------\n        method: callable(WebDriver)\n            - A callable object that takes a WebDriver instance as an argument.\n    \n        message: str\n            - Optional message for :exc:`TimeoutException`\n    \n        Return:\n        -------\n        object: T\n            - The result of the last call to `method`\n    \n        Raises:\n        -------\n        TimeoutException\n            - If &amp;#x27;method&amp;#x27; does not return a truthy value within the WebDriverWait\n            object&amp;#x27;s timeout\n    \n        Example:\n        --------\n        &amp;gt;&amp;gt;&amp;gt; from selenium.webdriver.common.by import By\n        &amp;gt;&amp;gt;&amp;gt; from selenium.webdriver.support.ui import WebDriverWait\n        &amp;gt;&amp;gt;&amp;gt; from selenium.webdriver.support import expected_conditions as EC\n    \n        # Wait until an element is visible on the page\n        &amp;gt;&amp;gt;&amp;gt; wait = WebDriverWait(driver, 10)\n        &amp;gt;&amp;gt;&amp;gt; element = wait.until(EC.visibility_of_element_located((By.ID, &amp;quot;exampleId&amp;quot;)))\n        &amp;gt;&amp;gt;&amp;gt; print(element.text)\n        &amp;quot;&amp;quot;&amp;quot;\n        screen = None\n        stacktrace = None\n    \n        end_time = time.monotonic() + self._timeout\n        while True:\n            try:\n                value = method(self._driver)\n                if value:\n                    return value\n            except self._ignored_exceptions as exc:\n                screen = getattr(exc, &amp;quot;screen&amp;quot;, None)\n                stacktrace = getattr(exc, &amp;quot;stacktrace&amp;quot;, None)\n            if time.monotonic() &amp;gt; end_time:\n                break\n            time.sleep(self._poll)\n&amp;gt;       raise TimeoutException(message, screen, stacktrace)\nE       selenium.common.exceptions.TimeoutException: Message: \nE       Stacktrace:\nE       #0 0x5578138e3652 &amp;lt;unknown&amp;gt;\nE       #1 0x55781335ad25 &amp;lt;unknown&amp;gt;\nE       #2 0x5578133ab86b &amp;lt;unknown&amp;gt;\nE       #3 0x5578133aba45 &amp;lt;unknown&amp;gt;\nE       #4 0x5578133f4a68 &amp;lt;unknown&amp;gt;\nE       #5 0x5578133d0571 &amp;lt;unknown&amp;gt;\nE       #6 0x5578133f24d6 &amp;lt;unknown&amp;gt;\nE       #7 0x5578133d02f7 &amp;lt;unknown&amp;gt;\nE       #8 0x55781339e011 &amp;lt;unknown&amp;gt;\nE       #9 0x55781339edf5 &amp;lt;unknown&amp;gt;\nE       #10 0x5578138ae16e &amp;lt;unknown&amp;gt;\nE       #11 0x5578138b14cf &amp;lt;unknown&amp;gt;\nE       #12 0x5578138b0f6c &amp;lt;unknown&amp;gt;\nE       #13 0x5578138b1979 &amp;lt;unknown&amp;gt;\nE       #14 0x557813897b4b &amp;lt;unknown&amp;gt;\nE       #15 0x5578138b1cf4 &amp;lt;unknown&amp;gt;\nE       #16 0x5578138813fd &amp;lt;unknown&amp;gt;\nE       #17 0x5578138d0709 &amp;lt;unknown&amp;gt;\nE       #18 0x5578138d08ff &amp;lt;unknown&amp;gt;\nE       #19 0x5578138e2139 &amp;lt;unknown&amp;gt;\nE       #20 0x7f5c2ed17aa4 &amp;lt;unknown&amp;gt;\nE       #21 0x7f5c2eda4a64 __clone\n\nteste-projeto.venv/lib/python3.9/site-packages/selenium/webdriver/support/wait.py:138: TimeoutException\n\n---------------------------- Captured stdout setup -----------------------------\n\n[START] Test &amp;#x27;tests/test_practice_form.py::test_fill_practice_form[firefox-chrome-data0]&amp;#x27; - 11:32:26\n--------------------------- Captured stdout teardown ---------------------------\n[END] Test &amp;#x27;tests/test_practice_form.py::test_fill_practice_form[firefox-chrome-data0]&amp;#x27; finished in 25.34 seconds.\n&#34;}], &#34;tests/test_practice_form.py::test_fill_practice_form[chrome-chrome-data0]&#34;: [{&#34;extras&#34;: [{&#34;name&#34;: null, &#34;format_type&#34;: &#34;html&#34;, &#34;content&#34;: &#34;&lt;div&gt;&lt;img src=\&#34;screenshots/test_fill_practice_form[chrome-chrome-data0]_error.png\&#34; alt=\&#34;screenshot\&#34; style=\&#34;width:304px;height:228px;\&#34; onclick=\&#34;window.open(this.src)\&#34; align=\&#34;right\&#34;/&gt;&lt;/div&gt;&#34;, &#34;mime_type&#34;: null, &#34;extension&#34;: null}], &#34;result&#34;: &#34;Failed&#34;, &#34;testId&#34;: &#34;tests/test_practice_form.py::test_fill_practice_form[chrome-chrome-data0]&#34;, &#34;duration&#34;: &#34;00:00:37&#34;, &#34;resultsTableRow&#34;: [&#34;&lt;td class=\&#34;col-result\&#34;&gt;Failed&lt;/td&gt;&#34;, &#34;&lt;td class=\&#34;col-testId\&#34;&gt;tests/test_practice_form.py::test_fill_practice_form[chrome-chrome-data0]&lt;/td&gt;&#34;, &#34;&lt;td class=\&#34;col-duration\&#34;&gt;00:00:37&lt;/td&gt;&#34;, &#34;&lt;td class=\&#34;col-links\&#34;&gt;&lt;/td&gt;&#34;], &#34;log&#34;: &#34;[gw0] darwin -- Python 3.9.6 /Users/evog/Documents/projeto-automacao/teste-projeto.venv/bin/python3\n\ndriver = &amp;lt;selenium.webdriver.remote.webdriver.WebDriver (session=&amp;quot;d5381328e3e5688cd0397ac176caaabb&amp;quot;)&amp;gt;\ndata = {&amp;#x27;address&amp;#x27;: &amp;#x27;123 Main Street&amp;#x27;, &amp;#x27;city&amp;#x27;: &amp;#x27;Delhi&amp;#x27;, &amp;#x27;dob&amp;#x27;: &amp;#x27;15 May 1990&amp;#x27;, &amp;#x27;email&amp;#x27;: &amp;#x27;john.doe@example.com&amp;#x27;, ...}\n\n    @pytest.mark.parametrize(&amp;quot;data&amp;quot;, load_json_data(&amp;quot;data/practice_form_data.json&amp;quot;))\n    def test_fill_practice_form(driver, data):\n        form_page = PracticeFormPage(driver)\n        form_page.navigate()\n&amp;gt;       form_page.fill_form(data)\n\ntests/test_practice_form.py:9: \n_ _ _ _ _ _ _ _ _ _ _ _ _ _ _ _ _ _ _ _ _ _ _ _ _ _ _ _ _ _ _ _ _ _ _ _ _ _ _ _ _ _ _ _ _ _ _ _ _ _ _ _ _ _ _ _ _ _ _ _ _ _ _ _ _ _ _ _ _ _ _ _ _ _ _ _ _ _ _ _ _ _ _ _ _ _ _ _ _ _ _ _ _ _ _ _ _ _ _ _ _ _ _ _ _ _ \npages/practice_form_page.py:56: in fill_form\n    subject_text = self.wait.until(EC.element_to_be_clickable(self.subject_text))\n_ _ _ _ _ _ _ _ _ _ _ _ _ _ _ _ _ _ _ _ _ _ _ _ _ _ _ _ _ _ _ _ _ _ _ _ _ _ _ _ _ _ _ _ _ _ _ _ _ _ _ _ _ _ _ _ _ _ _ _ _ _ _ _ _ _ _ _ _ _ _ _ _ _ _ _ _ _ _ _ _ _ _ _ _ _ _ _ _ _ _ _ _ _ _ _ _ _ _ _ _ _ _ _ _ _ \n\nself = &amp;lt;selenium.webdriver.support.wait.WebDriverWait (session=&amp;quot;d5381328e3e5688cd0397ac176caaabb&amp;quot;)&amp;gt;, method = &amp;lt;function element_to_be_clickable.&amp;lt;locals&amp;gt;._predicate at 0x11122c820&amp;gt;, message = &amp;#x27;&amp;#x27;\n\n    def until(self, method: Callable[[D], Union[Literal[False], T]], message: str = &amp;quot;&amp;quot;) -&amp;gt; T:\n        &amp;quot;&amp;quot;&amp;quot;Wait until the method returns a value that is not False.\n    \n        Calls the method provided with the driver as an argument until the\n        return value does not evaluate to ``False``.\n    \n        Parameters:\n        -----------\n        method: callable(WebDriver)\n            - A callable object that takes a WebDriver instance as an argument.\n    \n        message: str\n            - Optional message for :exc:`TimeoutException`\n    \n        Return:\n        -------\n        object: T\n            - The result of the last call to `method`\n    \n        Raises:\n        -------\n        TimeoutException\n            - If &amp;#x27;method&amp;#x27; does not return a truthy value within the WebDriverWait\n            object&amp;#x27;s timeout\n    \n        Example:\n        --------\n        &amp;gt;&amp;gt;&amp;gt; from selenium.webdriver.common.by import By\n        &amp;gt;&amp;gt;&amp;gt; from selenium.webdriver.support.ui import WebDriverWait\n        &amp;gt;&amp;gt;&amp;gt; from selenium.webdriver.support import expected_conditions as EC\n    \n        # Wait until an element is visible on the page\n        &amp;gt;&amp;gt;&amp;gt; wait = WebDriverWait(driver, 10)\n        &amp;gt;&amp;gt;&amp;gt; element = wait.until(EC.visibility_of_element_located((By.ID, &amp;quot;exampleId&amp;quot;)))\n        &amp;gt;&amp;gt;&amp;gt; print(element.text)\n        &amp;quot;&amp;quot;&amp;quot;\n        screen = None\n        stacktrace = None\n    \n        end_time = time.monotonic() + self._timeout\n        while True:\n            try:\n                value = method(self._driver)\n                if value:\n                    return value\n            except self._ignored_exceptions as exc:\n                screen = getattr(exc, &amp;quot;screen&amp;quot;, None)\n                stacktrace = getattr(exc, &amp;quot;stacktrace&amp;quot;, None)\n            if time.monotonic() &amp;gt; end_time:\n                break\n            time.sleep(self._poll)\n&amp;gt;       raise TimeoutException(message, screen, stacktrace)\nE       selenium.common.exceptions.TimeoutException: Message: \nE       Stacktrace:\nE       #0 0x560620fe5652 &amp;lt;unknown&amp;gt;\nE       #1 0x560620a5cd25 &amp;lt;unknown&amp;gt;\nE       #2 0x560620aad86b &amp;lt;unknown&amp;gt;\nE       #3 0x560620aada45 &amp;lt;unknown&amp;gt;\nE       #4 0x560620af6a68 &amp;lt;unknown&amp;gt;\nE       #5 0x560620ad2571 &amp;lt;unknown&amp;gt;\nE       #6 0x560620af44d6 &amp;lt;unknown&amp;gt;\nE       #7 0x560620ad22f7 &amp;lt;unknown&amp;gt;\nE       #8 0x560620aa0011 &amp;lt;unknown&amp;gt;\nE       #9 0x560620aa0df5 &amp;lt;unknown&amp;gt;\nE       #10 0x560620fb016e &amp;lt;unknown&amp;gt;\nE       #11 0x560620fb34cf &amp;lt;unknown&amp;gt;\nE       #12 0x560620fb2f6c &amp;lt;unknown&amp;gt;\nE       #13 0x560620fb3979 &amp;lt;unknown&amp;gt;\nE       #14 0x560620f99b4b &amp;lt;unknown&amp;gt;\nE       #15 0x560620fb3cf4 &amp;lt;unknown&amp;gt;\nE       #16 0x560620f833fd &amp;lt;unknown&amp;gt;\nE       #17 0x560620fd2709 &amp;lt;unknown&amp;gt;\nE       #18 0x560620fd28ff &amp;lt;unknown&amp;gt;\nE       #19 0x560620fe4139 &amp;lt;unknown&amp;gt;\nE       #20 0x7f176405daa4 &amp;lt;unknown&amp;gt;\nE       #21 0x7f17640eaa64 __clone\n\nteste-projeto.venv/lib/python3.9/site-packages/selenium/webdriver/support/wait.py:138: TimeoutException\n\n---------------------------- Captured stdout setup -----------------------------\n\n[START] Test &amp;#x27;tests/test_practice_form.py::test_fill_practice_form[chrome-chrome-data0]&amp;#x27; - 11:32:32\n--------------------------- Captured stdout teardown ---------------------------\n[END] Test &amp;#x27;tests/test_practice_form.py::test_fill_practice_form[chrome-chrome-data0]&amp;#x27; finished in 36.69 seconds.\n&#34;}], &#34;tests/test_practice_form.py::test_fill_practice_form[firefox-chrome-data1]&#34;: [{&#34;extras&#34;: [{&#34;name&#34;: null, &#34;format_type&#34;: &#34;html&#34;, &#34;content&#34;: &#34;&lt;div&gt;&lt;img src=\&#34;screenshots/test_fill_practice_form[firefox-chrome-data1]_error.png\&#34; alt=\&#34;screenshot\&#34; style=\&#34;width:304px;height:228px;\&#34; onclick=\&#34;window.open(this.src)\&#34; align=\&#34;right\&#34;/&gt;&lt;/div&gt;&#34;, &#34;mime_type&#34;: null, &#34;extension&#34;: null}], &#34;result&#34;: &#34;Failed&#34;, &#34;testId&#34;: &#34;tests/test_practice_form.py::test_fill_practice_form[firefox-chrome-data1]&#34;, &#34;duration&#34;: &#34;00:00:36&#34;, &#34;resultsTableRow&#34;: [&#34;&lt;td class=\&#34;col-result\&#34;&gt;Failed&lt;/td&gt;&#34;, &#34;&lt;td class=\&#34;col-testId\&#34;&gt;tests/test_practice_form.py::test_fill_practice_form[firefox-chrome-data1]&lt;/td&gt;&#34;, &#34;&lt;td class=\&#34;col-duration\&#34;&gt;00:00:36&lt;/td&gt;&#34;, &#34;&lt;td class=\&#34;col-links\&#34;&gt;&lt;/td&gt;&#34;], &#34;log&#34;: &#34;[gw1] darwin -- Python 3.9.6 /Users/evog/Documents/projeto-automacao/teste-projeto.venv/bin/python3\n\ndriver = &amp;lt;selenium.webdriver.remote.webdriver.WebDriver (session=&amp;quot;1f2e1267f2a02d051f0f4dec9eb67ba7&amp;quot;)&amp;gt;\ndata = {&amp;#x27;address&amp;#x27;: &amp;#x27;456 Oak Avenue&amp;#x27;, &amp;#x27;city&amp;#x27;: &amp;#x27;Gurgaon&amp;#x27;, &amp;#x27;dob&amp;#x27;: &amp;#x27;15 February 1990&amp;#x27;, &amp;#x27;email&amp;#x27;: &amp;#x27;jane.smith@example.com&amp;#x27;, ...}\n\n    @pytest.mark.parametrize(&amp;quot;data&amp;quot;, load_json_data(&amp;quot;data/practice_form_data.json&amp;quot;))\n    def test_fill_practice_form(driver, data):\n        form_page = PracticeFormPage(driver)\n        form_page.navigate()\n&amp;gt;       form_page.fill_form(data)\n\ntests/test_practice_form.py:9: \n_ _ _ _ _ _ _ _ _ _ _ _ _ _ _ _ _ _ _ _ _ _ _ _ _ _ _ _ _ _ _ _ _ _ _ _ _ _ _ _ _ _ _ _ _ _ _ _ _ _ _ _ _ _ _ _ _ _ _ _ _ _ _ _ _ _ _ _ _ _ _ _ _ _ _ _ _ _ _ _ _ _ _ _ _ _ _ _ _ _ _ _ _ _ _ _ _ _ _ _ _ _ _ _ _ _ \npages/practice_form_page.py:56: in fill_form\n    subject_text = self.wait.until(EC.element_to_be_clickable(self.subject_text))\n_ _ _ _ _ _ _ _ _ _ _ _ _ _ _ _ _ _ _ _ _ _ _ _ _ _ _ _ _ _ _ _ _ _ _ _ _ _ _ _ _ _ _ _ _ _ _ _ _ _ _ _ _ _ _ _ _ _ _ _ _ _ _ _ _ _ _ _ _ _ _ _ _ _ _ _ _ _ _ _ _ _ _ _ _ _ _ _ _ _ _ _ _ _ _ _ _ _ _ _ _ _ _ _ _ _ \n\nself = &amp;lt;selenium.webdriver.support.wait.WebDriverWait (session=&amp;quot;1f2e1267f2a02d051f0f4dec9eb67ba7&amp;quot;)&amp;gt;, method = &amp;lt;function element_to_be_clickable.&amp;lt;locals&amp;gt;._predicate at 0x10a750280&amp;gt;, message = &amp;#x27;&amp;#x27;\n\n    def until(self, method: Callable[[D], Union[Literal[False], T]], message: str = &amp;quot;&amp;quot;) -&amp;gt; T:\n        &amp;quot;&amp;quot;&amp;quot;Wait until the method returns a value that is not False.\n    \n        Calls the method provided with the driver as an argument until the\n        return value does not evaluate to ``False``.\n    \n        Parameters:\n        -----------\n        method: callable(WebDriver)\n            - A callable object that takes a WebDriver instance as an argument.\n    \n        message: str\n            - Optional message for :exc:`TimeoutException`\n    \n        Return:\n        -------\n        object: T\n            - The result of the last call to `method`\n    \n        Raises:\n        -------\n        TimeoutException\n            - If &amp;#x27;method&amp;#x27; does not return a truthy value within the WebDriverWait\n            object&amp;#x27;s timeout\n    \n        Example:\n        --------\n        &amp;gt;&amp;gt;&amp;gt; from selenium.webdriver.common.by import By\n        &amp;gt;&amp;gt;&amp;gt; from selenium.webdriver.support.ui import WebDriverWait\n        &amp;gt;&amp;gt;&amp;gt; from selenium.webdriver.support import expected_conditions as EC\n    \n        # Wait until an element is visible on the page\n        &amp;gt;&amp;gt;&amp;gt; wait = WebDriverWait(driver, 10)\n        &amp;gt;&amp;gt;&amp;gt; element = wait.until(EC.visibility_of_element_located((By.ID, &amp;quot;exampleId&amp;quot;)))\n        &amp;gt;&amp;gt;&amp;gt; print(element.text)\n        &amp;quot;&amp;quot;&amp;quot;\n        screen = None\n        stacktrace = None\n    \n        end_time = time.monotonic() + self._timeout\n        while True:\n            try:\n                value = method(self._driver)\n                if value:\n                    return value\n            except self._ignored_exceptions as exc:\n                screen = getattr(exc, &amp;quot;screen&amp;quot;, None)\n                stacktrace = getattr(exc, &amp;quot;stacktrace&amp;quot;, None)\n            if time.monotonic() &amp;gt; end_time:\n                break\n            time.sleep(self._poll)\n&amp;gt;       raise TimeoutException(message, screen, stacktrace)\nE       selenium.common.exceptions.TimeoutException: Message: \nE       Stacktrace:\nE       #0 0x55dc893fb652 &amp;lt;unknown&amp;gt;\nE       #1 0x55dc88e72d25 &amp;lt;unknown&amp;gt;\nE       #2 0x55dc88ec386b &amp;lt;unknown&amp;gt;\nE       #3 0x55dc88ec3a45 &amp;lt;unknown&amp;gt;\nE       #4 0x55dc88f0ca68 &amp;lt;unknown&amp;gt;\nE       #5 0x55dc88ee8571 &amp;lt;unknown&amp;gt;\nE       #6 0x55dc88f0a4d6 &amp;lt;unknown&amp;gt;\nE       #7 0x55dc88ee82f7 &amp;lt;unknown&amp;gt;\nE       #8 0x55dc88eb6011 &amp;lt;unknown&amp;gt;\nE       #9 0x55dc88eb6df5 &amp;lt;unknown&amp;gt;\nE       #10 0x55dc893c616e &amp;lt;unknown&amp;gt;\nE       #11 0x55dc893c94cf &amp;lt;unknown&amp;gt;\nE       #12 0x55dc893c8f6c &amp;lt;unknown&amp;gt;\nE       #13 0x55dc893c9979 &amp;lt;unknown&amp;gt;\nE       #14 0x55dc893afb4b &amp;lt;unknown&amp;gt;\nE       #15 0x55dc893c9cf4 &amp;lt;unknown&amp;gt;\nE       #16 0x55dc893993fd &amp;lt;unknown&amp;gt;\nE       #17 0x55dc893e8709 &amp;lt;unknown&amp;gt;\nE       #18 0x55dc893e88ff &amp;lt;unknown&amp;gt;\nE       #19 0x55dc893fa139 &amp;lt;unknown&amp;gt;\nE       #20 0x7f87ba17faa4 &amp;lt;unknown&amp;gt;\nE       #21 0x7f87ba20ca64 __clone\n\nteste-projeto.venv/lib/python3.9/site-packages/selenium/webdriver/support/wait.py:138: TimeoutException\n\n---------------------------- Captured stdout setup -----------------------------\n\n[START] Test &amp;#x27;tests/test_practice_form.py::test_fill_practice_form[firefox-chrome-data1]&amp;#x27; - 11:32:51\n--------------------------- Captured stdout teardown ---------------------------\n[END] Test &amp;#x27;tests/test_practice_form.py::test_fill_practice_form[firefox-chrome-data1]&amp;#x27; finished in 35.83 seconds.\n&#34;}], &#34;tests/test_scopes_1.py::TestGroupA::test_one&#34;: [{&#34;extras&#34;: [], &#34;result&#34;: &#34;Passed&#34;, &#34;testId&#34;: &#34;tests/test_scopes_1.py::TestGroupA::test_one&#34;, &#34;duration&#34;: &#34;5 ms&#34;, &#34;resultsTableRow&#34;: [&#34;&lt;td class=\&#34;col-result\&#34;&gt;Passed&lt;/td&gt;&#34;, &#34;&lt;td class=\&#34;col-testId\&#34;&gt;tests/test_scopes_1.py::TestGroupA::test_one&lt;/td&gt;&#34;, &#34;&lt;td class=\&#34;col-duration\&#34;&gt;5 ms&lt;/td&gt;&#34;, &#34;&lt;td class=\&#34;col-links\&#34;&gt;&lt;/td&gt;&#34;], &#34;log&#34;: &#34;[gw1] darwin -- Python 3.9.6 /Users/evog/Documents/projeto-automacao/teste-projeto.venv/bin/python3\n\n---------------------------- Captured stdout setup -----------------------------\n\n[START] Test &amp;#x27;tests/test_scopes_1.py::TestGroupA::test_one&amp;#x27; - 11:33:27\n\n[SETUP] session_resource\n\n[SETUP] module_resource\n\n[SETUP] class_resource\n\n----------------------------- Captured stdout call -----------------------------\nRunning TestGroupA.test_one\n--------------------------- Captured stdout teardown ---------------------------\n[TEARDOWN] class_resource\n[END] Test &amp;#x27;tests/test_scopes_1.py::TestGroupA::test_one&amp;#x27; finished in 0.00 seconds.\n&#34;}], &#34;tests/test_scopes_1.py::TestGroupB::test_three&#34;: [{&#34;extras&#34;: [], &#34;result&#34;: &#34;Passed&#34;, &#34;testId&#34;: &#34;tests/test_scopes_1.py::TestGroupB::test_three&#34;, &#34;duration&#34;: &#34;6 ms&#34;, &#34;resultsTableRow&#34;: [&#34;&lt;td class=\&#34;col-result\&#34;&gt;Passed&lt;/td&gt;&#34;, &#34;&lt;td class=\&#34;col-testId\&#34;&gt;tests/test_scopes_1.py::TestGroupB::test_three&lt;/td&gt;&#34;, &#34;&lt;td class=\&#34;col-duration\&#34;&gt;6 ms&lt;/td&gt;&#34;, &#34;&lt;td class=\&#34;col-links\&#34;&gt;&lt;/td&gt;&#34;], &#34;log&#34;: &#34;[gw1] darwin -- Python 3.9.6 /Users/evog/Documents/projeto-automacao/teste-projeto.venv/bin/python3\n\n---------------------------- Captured stdout setup -----------------------------\n\n[START] Test &amp;#x27;tests/test_scopes_1.py::TestGroupB::test_three&amp;#x27; - 11:33:27\n\n[SETUP] class_resource\n\n----------------------------- Captured stdout call -----------------------------\nRunning TestGroupB.test_three\n--------------------------- Captured stdout teardown ---------------------------\n[TEARDOWN] class_resource\n[TEARDOWN] module_resource\n[END] Test &amp;#x27;tests/test_scopes_1.py::TestGroupB::test_three&amp;#x27; finished in 0.01 seconds.\n&#34;}], &#34;tests/test_practice_form.py::test_fill_practice_form[chrome-chrome-data1]&#34;: [{&#34;extras&#34;: [{&#34;name&#34;: null, &#34;format_type&#34;: &#34;html&#34;, &#34;content&#34;: &#34;&lt;div&gt;&lt;img src=\&#34;screenshots/test_fill_practice_form[chrome-chrome-data1]_error.png\&#34; alt=\&#34;screenshot\&#34; style=\&#34;width:304px;height:228px;\&#34; onclick=\&#34;window.open(this.src)\&#34; align=\&#34;right\&#34;/&gt;&lt;/div&gt;&#34;, &#34;mime_type&#34;: null, &#34;extension&#34;: null}], &#34;result&#34;: &#34;Failed&#34;, &#34;testId&#34;: &#34;tests/test_practice_form.py::test_fill_practice_form[chrome-chrome-data1]&#34;, &#34;duration&#34;: &#34;00:00:36&#34;, &#34;resultsTableRow&#34;: [&#34;&lt;td class=\&#34;col-result\&#34;&gt;Failed&lt;/td&gt;&#34;, &#34;&lt;td class=\&#34;col-testId\&#34;&gt;tests/test_practice_form.py::test_fill_practice_form[chrome-chrome-data1]&lt;/td&gt;&#34;, &#34;&lt;td class=\&#34;col-duration\&#34;&gt;00:00:36&lt;/td&gt;&#34;, &#34;&lt;td class=\&#34;col-links\&#34;&gt;&lt;/td&gt;&#34;], &#34;log&#34;: &#34;[gw0] darwin -- Python 3.9.6 /Users/evog/Documents/projeto-automacao/teste-projeto.venv/bin/python3\n\ndriver = &amp;lt;selenium.webdriver.remote.webdriver.WebDriver (session=&amp;quot;77d0dec1c7ff87a790136127e2386437&amp;quot;)&amp;gt;\ndata = {&amp;#x27;address&amp;#x27;: &amp;#x27;456 Oak Avenue&amp;#x27;, &amp;#x27;city&amp;#x27;: &amp;#x27;Gurgaon&amp;#x27;, &amp;#x27;dob&amp;#x27;: &amp;#x27;15 February 1990&amp;#x27;, &amp;#x27;email&amp;#x27;: &amp;#x27;jane.smith@example.com&amp;#x27;, ...}\n\n    @pytest.mark.parametrize(&amp;quot;data&amp;quot;, load_json_data(&amp;quot;data/practice_form_data.json&amp;quot;))\n    def test_fill_practice_form(driver, data):\n        form_page = PracticeFormPage(driver)\n        form_page.navigate()\n&amp;gt;       form_page.fill_form(data)\n\ntests/test_practice_form.py:9: \n_ _ _ _ _ _ _ _ _ _ _ _ _ _ _ _ _ _ _ _ _ _ _ _ _ _ _ _ _ _ _ _ _ _ _ _ _ _ _ _ _ _ _ _ _ _ _ _ _ _ _ _ _ _ _ _ _ _ _ _ _ _ _ _ _ _ _ _ _ _ _ _ _ _ _ _ _ _ _ _ _ _ _ _ _ _ _ _ _ _ _ _ _ _ _ _ _ _ _ _ _ _ _ _ _ _ \npages/practice_form_page.py:56: in fill_form\n    subject_text = self.wait.until(EC.element_to_be_clickable(self.subject_text))\n_ _ _ _ _ _ _ _ _ _ _ _ _ _ _ _ _ _ _ _ _ _ _ _ _ _ _ _ _ _ _ _ _ _ _ _ _ _ _ _ _ _ _ _ _ _ _ _ _ _ _ _ _ _ _ _ _ _ _ _ _ _ _ _ _ _ _ _ _ _ _ _ _ _ _ _ _ _ _ _ _ _ _ _ _ _ _ _ _ _ _ _ _ _ _ _ _ _ _ _ _ _ _ _ _ _ \n\nself = &amp;lt;selenium.webdriver.support.wait.WebDriverWait (session=&amp;quot;77d0dec1c7ff87a790136127e2386437&amp;quot;)&amp;gt;, method = &amp;lt;function element_to_be_clickable.&amp;lt;locals&amp;gt;._predicate at 0x11122cc10&amp;gt;, message = &amp;#x27;&amp;#x27;\n\n    def until(self, method: Callable[[D], Union[Literal[False], T]], message: str = &amp;quot;&amp;quot;) -&amp;gt; T:\n        &amp;quot;&amp;quot;&amp;quot;Wait until the method returns a value that is not False.\n    \n        Calls the method provided with the driver as an argument until the\n        return value does not evaluate to ``False``.\n    \n        Parameters:\n        -----------\n        method: callable(WebDriver)\n            - A callable object that takes a WebDriver instance as an argument.\n    \n        message: str\n            - Optional message for :exc:`TimeoutException`\n    \n        Return:\n        -------\n        object: T\n            - The result of the last call to `method`\n    \n        Raises:\n        -------\n        TimeoutException\n            - If &amp;#x27;method&amp;#x27; does not return a truthy value within the WebDriverWait\n            object&amp;#x27;s timeout\n    \n        Example:\n        --------\n        &amp;gt;&amp;gt;&amp;gt; from selenium.webdriver.common.by import By\n        &amp;gt;&amp;gt;&amp;gt; from selenium.webdriver.support.ui import WebDriverWait\n        &amp;gt;&amp;gt;&amp;gt; from selenium.webdriver.support import expected_conditions as EC\n    \n        # Wait until an element is visible on the page\n        &amp;gt;&amp;gt;&amp;gt; wait = WebDriverWait(driver, 10)\n        &amp;gt;&amp;gt;&amp;gt; element = wait.until(EC.visibility_of_element_located((By.ID, &amp;quot;exampleId&amp;quot;)))\n        &amp;gt;&amp;gt;&amp;gt; print(element.text)\n        &amp;quot;&amp;quot;&amp;quot;\n        screen = None\n        stacktrace = None\n    \n        end_time = time.monotonic() + self._timeout\n        while True:\n            try:\n                value = method(self._driver)\n                if value:\n                    return value\n            except self._ignored_exceptions as exc:\n                screen = getattr(exc, &amp;quot;screen&amp;quot;, None)\n                stacktrace = getattr(exc, &amp;quot;stacktrace&amp;quot;, None)\n            if time.monotonic() &amp;gt; end_time:\n                break\n            time.sleep(self._poll)\n&amp;gt;       raise TimeoutException(message, screen, stacktrace)\nE       selenium.common.exceptions.TimeoutException: Message: \nE       Stacktrace:\nE       #0 0x55ca8c860652 &amp;lt;unknown&amp;gt;\nE       #1 0x55ca8c2d7d25 &amp;lt;unknown&amp;gt;\nE       #2 0x55ca8c32886b &amp;lt;unknown&amp;gt;\nE       #3 0x55ca8c328a45 &amp;lt;unknown&amp;gt;\nE       #4 0x55ca8c371a68 &amp;lt;unknown&amp;gt;\nE       #5 0x55ca8c34d571 &amp;lt;unknown&amp;gt;\nE       #6 0x55ca8c36f4d6 &amp;lt;unknown&amp;gt;\nE       #7 0x55ca8c34d2f7 &amp;lt;unknown&amp;gt;\nE       #8 0x55ca8c31b011 &amp;lt;unknown&amp;gt;\nE       #9 0x55ca8c31bdf5 &amp;lt;unknown&amp;gt;\nE       #10 0x55ca8c82b16e &amp;lt;unknown&amp;gt;\nE       #11 0x55ca8c82e4cf &amp;lt;unknown&amp;gt;\nE       #12 0x55ca8c82df6c &amp;lt;unknown&amp;gt;\nE       #13 0x55ca8c82e979 &amp;lt;unknown&amp;gt;\nE       #14 0x55ca8c814b4b &amp;lt;unknown&amp;gt;\nE       #15 0x55ca8c82ecf4 &amp;lt;unknown&amp;gt;\nE       #16 0x55ca8c7fe3fd &amp;lt;unknown&amp;gt;\nE       #17 0x55ca8c84d709 &amp;lt;unknown&amp;gt;\nE       #18 0x55ca8c84d8ff &amp;lt;unknown&amp;gt;\nE       #19 0x55ca8c85f139 &amp;lt;unknown&amp;gt;\nE       #20 0x7f2c5dd75aa4 &amp;lt;unknown&amp;gt;\nE       #21 0x7f2c5de02a64 __clone\n\nteste-projeto.venv/lib/python3.9/site-packages/selenium/webdriver/support/wait.py:138: TimeoutException\n\n---------------------------- Captured stdout setup -----------------------------\n\n[START] Test &amp;#x27;tests/test_practice_form.py::test_fill_practice_form[chrome-chrome-data1]&amp;#x27; - 11:33:09\n--------------------------- Captured stdout teardown ---------------------------\n[END] Test &amp;#x27;tests/test_practice_form.py::test_fill_practice_form[chrome-chrome-data1]&amp;#x27; finished in 36.27 seconds.\n&#34;}], &#34;tests/test_scopes_1.py::TestGroupA::test_two&#34;: [{&#34;extras&#34;: [], &#34;result&#34;: &#34;Passed&#34;, &#34;testId&#34;: &#34;tests/test_scopes_1.py::TestGroupA::test_two&#34;, &#34;duration&#34;: &#34;8 ms&#34;, &#34;resultsTableRow&#34;: [&#34;&lt;td class=\&#34;col-result\&#34;&gt;Passed&lt;/td&gt;&#34;, &#34;&lt;td class=\&#34;col-testId\&#34;&gt;tests/test_scopes_1.py::TestGroupA::test_two&lt;/td&gt;&#34;, &#34;&lt;td class=\&#34;col-duration\&#34;&gt;8 ms&lt;/td&gt;&#34;, &#34;&lt;td class=\&#34;col-links\&#34;&gt;&lt;/td&gt;&#34;], &#34;log&#34;: &#34;[gw0] darwin -- Python 3.9.6 /Users/evog/Documents/projeto-automacao/teste-projeto.venv/bin/python3\n\n---------------------------- Captured stdout setup -----------------------------\n\n[START] Test &amp;#x27;tests/test_scopes_1.py::TestGroupA::test_two&amp;#x27; - 11:33:45\n\n[SETUP] session_resource\n\n[SETUP] module_resource\n\n[SETUP] class_resource\n\n----------------------------- Captured stdout call -----------------------------\nRunning TestGroupA.test_two\n--------------------------- Captured stdout teardown ---------------------------\n[TEARDOWN] class_resource\n[TEARDOWN] module_resource\n[END] Test &amp;#x27;tests/test_scopes_1.py::TestGroupA::test_two&amp;#x27; finished in 0.01 seconds.\n&#34;}], &#34;tests/test_slider.py::test_slider_interaction[chrome-chrome]&#34;: [{&#34;extras&#34;: [], &#34;result&#34;: &#34;Passed&#34;, &#34;testId&#34;: &#34;tests/test_slider.py::test_slider_interaction[chrome-chrome]&#34;, &#34;duration&#34;: &#34;00:00:29&#34;, &#34;resultsTableRow&#34;: [&#34;&lt;td class=\&#34;col-result\&#34;&gt;Passed&lt;/td&gt;&#34;, &#34;&lt;td class=\&#34;col-testId\&#34;&gt;tests/test_slider.py::test_slider_interaction[chrome-chrome]&lt;/td&gt;&#34;, &#34;&lt;td class=\&#34;col-duration\&#34;&gt;00:00:29&lt;/td&gt;&#34;, &#34;&lt;td class=\&#34;col-links\&#34;&gt;&lt;/td&gt;&#34;], &#34;log&#34;: &#34;[gw1] darwin -- Python 3.9.6 /Users/evog/Documents/projeto-automacao/teste-projeto.venv/bin/python3\n\n---------------------------- Captured stdout setup -----------------------------\n\n[START] Test &amp;#x27;tests/test_slider.py::test_slider_interaction[chrome-chrome]&amp;#x27; - 11:33:27\n--------------------------- Captured stdout teardown ---------------------------\n[END] Test &amp;#x27;tests/test_slider.py::test_slider_interaction[chrome-chrome]&amp;#x27; finished in 28.55 seconds.\n&#34;}], &#34;tests/test_text_box.py::test_fill_form_with_pom[chrome-chrome]&#34;: [{&#34;extras&#34;: [], &#34;result&#34;: &#34;Passed&#34;, &#34;testId&#34;: &#34;tests/test_text_box.py::test_fill_form_with_pom[chrome-chrome]&#34;, &#34;duration&#34;: &#34;00:00:17&#34;, &#34;resultsTableRow&#34;: [&#34;&lt;td class=\&#34;col-result\&#34;&gt;Passed&lt;/td&gt;&#34;, &#34;&lt;td class=\&#34;col-testId\&#34;&gt;tests/test_text_box.py::test_fill_form_with_pom[chrome-chrome]&lt;/td&gt;&#34;, &#34;&lt;td class=\&#34;col-duration\&#34;&gt;00:00:17&lt;/td&gt;&#34;, &#34;&lt;td class=\&#34;col-links\&#34;&gt;&lt;/td&gt;&#34;], &#34;log&#34;: &#34;[gw0] darwin -- Python 3.9.6 /Users/evog/Documents/projeto-automacao/teste-projeto.venv/bin/python3\n\n---------------------------- Captured stdout setup -----------------------------\n\n[START] Test &amp;#x27;tests/test_text_box.py::test_fill_form_with_pom[chrome-chrome]&amp;#x27; - 11:33:45\n--------------------------- Captured stdout teardown ---------------------------\n[END] Test &amp;#x27;tests/test_text_box.py::test_fill_form_with_pom[chrome-chrome]&amp;#x27; finished in 17.41 seconds.\n&#34;}], &#34;tests/test_slider.py::test_slider_interaction[firefox-chrome]&#34;: [{&#34;extras&#34;: [], &#34;result&#34;: &#34;Passed&#34;, &#34;testId&#34;: &#34;tests/test_slider.py::test_slider_interaction[firefox-chrome]&#34;, &#34;duration&#34;: &#34;00:00:18&#34;, &#34;resultsTableRow&#34;: [&#34;&lt;td class=\&#34;col-result\&#34;&gt;Passed&lt;/td&gt;&#34;, &#34;&lt;td class=\&#34;col-testId\&#34;&gt;tests/test_slider.py::test_slider_interaction[firefox-chrome]&lt;/td&gt;&#34;, &#34;&lt;td class=\&#34;col-duration\&#34;&gt;00:00:18&lt;/td&gt;&#34;, &#34;&lt;td class=\&#34;col-links\&#34;&gt;&lt;/td&gt;&#34;], &#34;log&#34;: &#34;[gw1] darwin -- Python 3.9.6 /Users/evog/Documents/projeto-automacao/teste-projeto.venv/bin/python3\n\n---------------------------- Captured stdout setup -----------------------------\n\n[START] Test &amp;#x27;tests/test_slider.py::test_slider_interaction[firefox-chrome]&amp;#x27; - 11:33:56\n--------------------------- Captured stdout teardown ---------------------------\n[END] Test &amp;#x27;tests/test_slider.py::test_slider_interaction[firefox-chrome]&amp;#x27; finished in 17.68 seconds.\n&#34;}], &#34;tests/test_text_box.py::test_fill_form_with_pom[firefox-chrome]&#34;: [{&#34;extras&#34;: [], &#34;result&#34;: &#34;Passed&#34;, &#34;testId&#34;: &#34;tests/test_text_box.py::test_fill_form_with_pom[firefox-chrome]&#34;, &#34;duration&#34;: &#34;00:00:17&#34;, &#34;resultsTableRow&#34;: [&#34;&lt;td class=\&#34;col-result\&#34;&gt;Passed&lt;/td&gt;&#34;, &#34;&lt;td class=\&#34;col-testId\&#34;&gt;tests/test_text_box.py::test_fill_form_with_pom[firefox-chrome]&lt;/td&gt;&#34;, &#34;&lt;td class=\&#34;col-duration\&#34;&gt;00:00:17&lt;/td&gt;&#34;, &#34;&lt;td class=\&#34;col-links\&#34;&gt;&lt;/td&gt;&#34;], &#34;log&#34;: &#34;[gw0] darwin -- Python 3.9.6 /Users/evog/Documents/projeto-automacao/teste-projeto.venv/bin/python3\n\n---------------------------- Captured stdout setup -----------------------------\n\n[START] Test &amp;#x27;tests/test_text_box.py::test_fill_form_with_pom[firefox-chrome]&amp;#x27; - 11:34:03\n--------------------------- Captured stdout teardown ---------------------------\n[END] Test &amp;#x27;tests/test_text_box.py::test_fill_form_with_pom[firefox-chrome]&amp;#x27; finished in 17.47 seconds.\n&#34;}], &#34;tests/test_tool_tips.py::test_button_tooltip[chrome-chrome]&#34;: [{&#34;extras&#34;: [], &#34;result&#34;: &#34;Passed&#34;, &#34;testId&#34;: &#34;tests/test_tool_tips.py::test_button_tooltip[chrome-chrome]&#34;, &#34;duration&#34;: &#34;00:00:12&#34;, &#34;resultsTableRow&#34;: [&#34;&lt;td class=\&#34;col-result\&#34;&gt;Passed&lt;/td&gt;&#34;, &#34;&lt;td class=\&#34;col-testId\&#34;&gt;tests/test_tool_tips.py::test_button_tooltip[chrome-chrome]&lt;/td&gt;&#34;, &#34;&lt;td class=\&#34;col-duration\&#34;&gt;00:00:12&lt;/td&gt;&#34;, &#34;&lt;td class=\&#34;col-links\&#34;&gt;&lt;/td&gt;&#34;], &#34;log&#34;: &#34;[gw1] darwin -- Python 3.9.6 /Users/evog/Documents/projeto-automacao/teste-projeto.venv/bin/python3\n\n---------------------------- Captured stdout setup -----------------------------\n\n[START] Test &amp;#x27;tests/test_tool_tips.py::test_button_tooltip[chrome-chrome]&amp;#x27; - 11:34:13\n--------------------------- Captured stdout teardown ---------------------------\n[END] Test &amp;#x27;tests/test_tool_tips.py::test_button_tooltip[chrome-chrome]&amp;#x27; finished in 12.41 seconds.\n&#34;}], &#34;tests/test_tool_tips.py::test_button_tooltip[firefox-chrome]&#34;: [{&#34;extras&#34;: [], &#34;result&#34;: &#34;Passed&#34;, &#34;testId&#34;: &#34;tests/test_tool_tips.py::test_button_tooltip[firefox-chrome]&#34;, &#34;duration&#34;: &#34;00:00:11&#34;, &#34;resultsTableRow&#34;: [&#34;&lt;td class=\&#34;col-result\&#34;&gt;Passed&lt;/td&gt;&#34;, &#34;&lt;td class=\&#34;col-testId\&#34;&gt;tests/test_tool_tips.py::test_button_tooltip[firefox-chrome]&lt;/td&gt;&#34;, &#34;&lt;td class=\&#34;col-duration\&#34;&gt;00:00:11&lt;/td&gt;&#34;, &#34;&lt;td class=\&#34;col-links\&#34;&gt;&lt;/td&gt;&#34;], &#34;log&#34;: &#34;[gw0] darwin -- Python 3.9.6 /Users/evog/Documents/projeto-automacao/teste-projeto.venv/bin/python3\n\n---------------------------- Captured stdout setup -----------------------------\n\n[START] Test &amp;#x27;tests/test_tool_tips.py::test_button_tooltip[firefox-chrome]&amp;#x27; - 11:34:20\n--------------------------- Captured stdout teardown ---------------------------\n[END] Test &amp;#x27;tests/test_tool_tips.py::test_button_tooltip[firefox-chrome]&amp;#x27; finished in 11.23 seconds.\n&#34;}], &#34;tests/test_tool_tips.py::test_tooltips_hover_input[chrome-chrome]&#34;: [{&#34;extras&#34;: [], &#34;result&#34;: &#34;Passed&#34;, &#34;testId&#34;: &#34;tests/test_tool_tips.py::test_tooltips_hover_input[chrome-chrome]&#34;, &#34;duration&#34;: &#34;00:00:12&#34;, &#34;resultsTableRow&#34;: [&#34;&lt;td class=\&#34;col-result\&#34;&gt;Passed&lt;/td&gt;&#34;, &#34;&lt;td class=\&#34;col-testId\&#34;&gt;tests/test_tool_tips.py::test_tooltips_hover_input[chrome-chrome]&lt;/td&gt;&#34;, &#34;&lt;td class=\&#34;col-duration\&#34;&gt;00:00:12&lt;/td&gt;&#34;, &#34;&lt;td class=\&#34;col-links\&#34;&gt;&lt;/td&gt;&#34;], &#34;log&#34;: &#34;[gw1] darwin -- Python 3.9.6 /Users/evog/Documents/projeto-automacao/teste-projeto.venv/bin/python3\n\n---------------------------- Captured stdout setup -----------------------------\n\n[START] Test &amp;#x27;tests/test_tool_tips.py::test_tooltips_hover_input[chrome-chrome]&amp;#x27; - 11:34:26\n--------------------------- Captured stdout teardown ---------------------------\n[TEARDOWN] session_resource\n[END] Test &amp;#x27;tests/test_tool_tips.py::test_tooltips_hover_input[chrome-chrome]&amp;#x27; finished in 11.52 seconds.\n&#34;}], &#34;tests/test_tool_tips.py::test_tooltips_hover_input[firefox-chrome]&#34;: [{&#34;extras&#34;: [], &#34;result&#34;: &#34;Passed&#34;, &#34;testId&#34;: &#34;tests/test_tool_tips.py::test_tooltips_hover_input[firefox-chrome]&#34;, &#34;duration&#34;: &#34;00:00:12&#34;, &#34;resultsTableRow&#34;: [&#34;&lt;td class=\&#34;col-result\&#34;&gt;Passed&lt;/td&gt;&#34;, &#34;&lt;td class=\&#34;col-testId\&#34;&gt;tests/test_tool_tips.py::test_tooltips_hover_input[firefox-chrome]&lt;/td&gt;&#34;, &#34;&lt;td class=\&#34;col-duration\&#34;&gt;00:00:12&lt;/td&gt;&#34;, &#34;&lt;td class=\&#34;col-links\&#34;&gt;&lt;/td&gt;&#34;], &#34;log&#34;: &#34;[gw0] darwin -- Python 3.9.6 /Users/evog/Documents/projeto-automacao/teste-projeto.venv/bin/python3\n\n---------------------------- Captured stdout setup -----------------------------\n\n[START] Test &amp;#x27;tests/test_tool_tips.py::test_tooltips_hover_input[firefox-chrome]&amp;#x27; - 11:34:31\n--------------------------- Captured stdout teardown ---------------------------\n[TEARDOWN] session_resource\n[END] Test &amp;#x27;tests/test_tool_tips.py::test_tooltips_hover_input[firefox-chrome]&amp;#x27; finished in 12.18 seconds.\n&#34;}]}, &#34;renderCollapsed&#34;: [&#34;passed&#34;], &#34;initialSort&#34;: &#34;result&#34;, &#34;title&#34;: &#34;report.html&#34;}"></div>
    <script>
      (function(){function r(e,n,t){function o(i,f){if(!n[i]){if(!e[i]){var c="function"==typeof require&&require;if(!f&&c)return c(i,!0);if(u)return u(i,!0);var a=new Error("Cannot find module '"+i+"'");throw a.code="MODULE_NOT_FOUND",a}var p=n[i]={exports:{}};e[i][0].call(p.exports,function(r){var n=e[i][1][r];return o(n||r)},p,p.exports,r,e,n,t)}return n[i].exports}for(var u="function"==typeof require&&require,i=0;i<t.length;i++)o(t[i]);return o}return r})()({1:[function(require,module,exports){
const { getCollapsedCategory, setCollapsedIds } = require('./storage.js')

class DataManager {
    setManager(data) {
        const collapsedCategories = [...getCollapsedCategory(data.renderCollapsed)]
        const collapsedIds = []
        const tests = Object.values(data.tests).flat().map((test, index) => {
            const collapsed = collapsedCategories.includes(test.result.toLowerCase())
            const id = `test_${index}`
            if (collapsed) {
                collapsedIds.push(id)
            }
            return {
                ...test,
                id,
                collapsed,
            }
        })
        const dataBlob = { ...data, tests }
        this.data = { ...dataBlob }
        this.renderData = { ...dataBlob }
        setCollapsedIds(collapsedIds)
    }

    get allData() {
        return { ...this.data }
    }

    resetRender() {
        this.renderData = { ...this.data }
    }

    setRender(data) {
        this.renderData.tests = [...data]
    }

    toggleCollapsedItem(id) {
        this.renderData.tests = this.renderData.tests.map((test) =>
            test.id === id ? { ...test, collapsed: !test.collapsed } : test,
        )
    }

    set allCollapsed(collapsed) {
        this.renderData = { ...this.renderData, tests: [...this.renderData.tests.map((test) => (
            { ...test, collapsed }
        ))] }
    }

    get testSubset() {
        return [...this.renderData.tests]
    }

    get environment() {
        return this.renderData.environment
    }

    get initialSort() {
        return this.data.initialSort
    }
}

module.exports = {
    manager: new DataManager(),
}

},{"./storage.js":8}],2:[function(require,module,exports){
const mediaViewer = require('./mediaviewer.js')
const templateEnvRow = document.getElementById('template_environment_row')
const templateResult = document.getElementById('template_results-table__tbody')

function htmlToElements(html) {
    const temp = document.createElement('template')
    temp.innerHTML = html
    return temp.content.childNodes
}

const find = (selector, elem) => {
    if (!elem) {
        elem = document
    }
    return elem.querySelector(selector)
}

const findAll = (selector, elem) => {
    if (!elem) {
        elem = document
    }
    return [...elem.querySelectorAll(selector)]
}

const dom = {
    getStaticRow: (key, value) => {
        const envRow = templateEnvRow.content.cloneNode(true)
        const isObj = typeof value === 'object' && value !== null
        const values = isObj ? Object.keys(value).map((k) => `${k}: ${value[k]}`) : null

        const valuesElement = htmlToElements(
            values ? `<ul>${values.map((val) => `<li>${val}</li>`).join('')}<ul>` : `<div>${value}</div>`)[0]
        const td = findAll('td', envRow)
        td[0].textContent = key
        td[1].appendChild(valuesElement)

        return envRow
    },
    getResultTBody: ({ testId, id, log, extras, resultsTableRow, tableHtml, result, collapsed }) => {
        const resultBody = templateResult.content.cloneNode(true)
        resultBody.querySelector('tbody').classList.add(result.toLowerCase())
        resultBody.querySelector('tbody').id = testId
        resultBody.querySelector('.collapsible').dataset.id = id

        resultsTableRow.forEach((html) => {
            const t = document.createElement('template')
            t.innerHTML = html
            resultBody.querySelector('.collapsible').appendChild(t.content)
        })

        if (log) {
            // Wrap lines starting with "E" with span.error to color those lines red
            const wrappedLog = log.replace(/^E.*$/gm, (match) => `<span class="error">${match}</span>`)
            resultBody.querySelector('.log').innerHTML = wrappedLog
        } else {
            resultBody.querySelector('.log').remove()
        }

        if (collapsed) {
            resultBody.querySelector('.collapsible > td')?.classList.add('collapsed')
            resultBody.querySelector('.extras-row').classList.add('hidden')
        } else {
            resultBody.querySelector('.collapsible > td')?.classList.remove('collapsed')
        }

        const media = []
        extras?.forEach(({ name, format_type, content }) => {
            if (['image', 'video'].includes(format_type)) {
                media.push({ path: content, name, format_type })
            }

            if (format_type === 'html') {
                resultBody.querySelector('.extraHTML').insertAdjacentHTML('beforeend', `<div>${content}</div>`)
            }
        })
        mediaViewer.setup(resultBody, media)

        // Add custom html from the pytest_html_results_table_html hook
        tableHtml?.forEach((item) => {
            resultBody.querySelector('td[class="extra"]').insertAdjacentHTML('beforeend', item)
        })

        return resultBody
    },
}

module.exports = {
    dom,
    htmlToElements,
    find,
    findAll,
}

},{"./mediaviewer.js":6}],3:[function(require,module,exports){
const { manager } = require('./datamanager.js')
const { doSort } = require('./sort.js')
const storageModule = require('./storage.js')

const getFilteredSubSet = (filter) =>
    manager.allData.tests.filter(({ result }) => filter.includes(result.toLowerCase()))

const doInitFilter = () => {
    const currentFilter = storageModule.getVisible()
    const filteredSubset = getFilteredSubSet(currentFilter)
    manager.setRender(filteredSubset)
}

const doFilter = (type, show) => {
    if (show) {
        storageModule.showCategory(type)
    } else {
        storageModule.hideCategory(type)
    }

    const currentFilter = storageModule.getVisible()
    const filteredSubset = getFilteredSubSet(currentFilter)
    manager.setRender(filteredSubset)

    const sortColumn = storageModule.getSort()
    doSort(sortColumn, true)
}

module.exports = {
    doFilter,
    doInitFilter,
}

},{"./datamanager.js":1,"./sort.js":7,"./storage.js":8}],4:[function(require,module,exports){
const { redraw, bindEvents, renderStatic } = require('./main.js')
const { doInitFilter } = require('./filter.js')
const { doInitSort } = require('./sort.js')
const { manager } = require('./datamanager.js')
const data = JSON.parse(document.getElementById('data-container').dataset.jsonblob)

function init() {
    manager.setManager(data)
    doInitFilter()
    doInitSort()
    renderStatic()
    redraw()
    bindEvents()
}

init()

},{"./datamanager.js":1,"./filter.js":3,"./main.js":5,"./sort.js":7}],5:[function(require,module,exports){
const { dom, find, findAll } = require('./dom.js')
const { manager } = require('./datamanager.js')
const { doSort } = require('./sort.js')
const { doFilter } = require('./filter.js')
const {
    getVisible,
    getCollapsedIds,
    setCollapsedIds,
    getSort,
    getSortDirection,
    possibleFilters,
} = require('./storage.js')

const removeChildren = (node) => {
    while (node.firstChild) {
        node.removeChild(node.firstChild)
    }
}

const renderStatic = () => {
    const renderEnvironmentTable = () => {
        const environment = manager.environment
        const rows = Object.keys(environment).map((key) => dom.getStaticRow(key, environment[key]))
        const table = document.getElementById('environment')
        removeChildren(table)
        rows.forEach((row) => table.appendChild(row))
    }
    renderEnvironmentTable()
}

const addItemToggleListener = (elem) => {
    elem.addEventListener('click', ({ target }) => {
        const id = target.parentElement.dataset.id
        manager.toggleCollapsedItem(id)

        const collapsedIds = getCollapsedIds()
        if (collapsedIds.includes(id)) {
            const updated = collapsedIds.filter((item) => item !== id)
            setCollapsedIds(updated)
        } else {
            collapsedIds.push(id)
            setCollapsedIds(collapsedIds)
        }
        redraw()
    })
}

const renderContent = (tests) => {
    const sortAttr = getSort(manager.initialSort)
    const sortAsc = JSON.parse(getSortDirection())
    const rows = tests.map(dom.getResultTBody)
    const table = document.getElementById('results-table')
    const tableHeader = document.getElementById('results-table-head')

    const newTable = document.createElement('table')
    newTable.id = 'results-table'

    // remove all sorting classes and set the relevant
    findAll('.sortable', tableHeader).forEach((elem) => elem.classList.remove('asc', 'desc'))
    tableHeader.querySelector(`.sortable[data-column-type="${sortAttr}"]`)?.classList.add(sortAsc ? 'desc' : 'asc')
    newTable.appendChild(tableHeader)

    if (!rows.length) {
        const emptyTable = document.getElementById('template_results-table__body--empty').content.cloneNode(true)
        newTable.appendChild(emptyTable)
    } else {
        rows.forEach((row) => {
            if (!!row) {
                findAll('.collapsible td:not(.col-links', row).forEach(addItemToggleListener)
                find('.logexpander', row).addEventListener('click',
                    (evt) => evt.target.parentNode.classList.toggle('expanded'),
                )
                newTable.appendChild(row)
            }
        })
    }

    table.replaceWith(newTable)
}

const renderDerived = () => {
    const currentFilter = getVisible()
    possibleFilters.forEach((result) => {
        const input = document.querySelector(`input[data-test-result="${result}"]`)
        input.checked = currentFilter.includes(result)
    })
}

const bindEvents = () => {
    const filterColumn = (evt) => {
        const { target: element } = evt
        const { testResult } = element.dataset

        doFilter(testResult, element.checked)
        const collapsedIds = getCollapsedIds()
        const updated = manager.renderData.tests.map((test) => {
            return {
                ...test,
                collapsed: collapsedIds.includes(test.id),
            }
        })
        manager.setRender(updated)
        redraw()
    }

    const header = document.getElementById('environment-header')
    header.addEventListener('click', () => {
        const table = document.getElementById('environment')
        table.classList.toggle('hidden')
        header.classList.toggle('collapsed')
    })

    findAll('input[name="filter_checkbox"]').forEach((elem) => {
        elem.addEventListener('click', filterColumn)
    })

    findAll('.sortable').forEach((elem) => {
        elem.addEventListener('click', (evt) => {
            const { target: element } = evt
            const { columnType } = element.dataset
            doSort(columnType)
            redraw()
        })
    })

    document.getElementById('show_all_details').addEventListener('click', () => {
        manager.allCollapsed = false
        setCollapsedIds([])
        redraw()
    })
    document.getElementById('hide_all_details').addEventListener('click', () => {
        manager.allCollapsed = true
        const allIds = manager.renderData.tests.map((test) => test.id)
        setCollapsedIds(allIds)
        redraw()
    })
}

const redraw = () => {
    const { testSubset } = manager

    renderContent(testSubset)
    renderDerived()
}

module.exports = {
    redraw,
    bindEvents,
    renderStatic,
}

},{"./datamanager.js":1,"./dom.js":2,"./filter.js":3,"./sort.js":7,"./storage.js":8}],6:[function(require,module,exports){
class MediaViewer {
    constructor(assets) {
        this.assets = assets
        this.index = 0
    }

    nextActive() {
        this.index = this.index === this.assets.length - 1 ? 0 : this.index + 1
        return [this.activeFile, this.index]
    }

    prevActive() {
        this.index = this.index === 0 ? this.assets.length - 1 : this.index -1
        return [this.activeFile, this.index]
    }

    get currentIndex() {
        return this.index
    }

    get activeFile() {
        return this.assets[this.index]
    }
}


const setup = (resultBody, assets) => {
    if (!assets.length) {
        resultBody.querySelector('.media').classList.add('hidden')
        return
    }

    const mediaViewer = new MediaViewer(assets)
    const container = resultBody.querySelector('.media-container')
    const leftArrow = resultBody.querySelector('.media-container__nav--left')
    const rightArrow = resultBody.querySelector('.media-container__nav--right')
    const mediaName = resultBody.querySelector('.media__name')
    const counter = resultBody.querySelector('.media__counter')
    const imageEl = resultBody.querySelector('img')
    const sourceEl = resultBody.querySelector('source')
    const videoEl = resultBody.querySelector('video')

    const setImg = (media, index) => {
        if (media?.format_type === 'image') {
            imageEl.src = media.path

            imageEl.classList.remove('hidden')
            videoEl.classList.add('hidden')
        } else if (media?.format_type === 'video') {
            sourceEl.src = media.path

            videoEl.classList.remove('hidden')
            imageEl.classList.add('hidden')
        }

        mediaName.innerText = media?.name
        counter.innerText = `${index + 1} / ${assets.length}`
    }
    setImg(mediaViewer.activeFile, mediaViewer.currentIndex)

    const moveLeft = () => {
        const [media, index] = mediaViewer.prevActive()
        setImg(media, index)
    }
    const doRight = () => {
        const [media, index] = mediaViewer.nextActive()
        setImg(media, index)
    }
    const openImg = () => {
        window.open(mediaViewer.activeFile.path, '_blank')
    }
    if (assets.length === 1) {
        container.classList.add('media-container--fullscreen')
    } else {
        leftArrow.addEventListener('click', moveLeft)
        rightArrow.addEventListener('click', doRight)
    }
    imageEl.addEventListener('click', openImg)
}

module.exports = {
    setup,
}

},{}],7:[function(require,module,exports){
const { manager } = require('./datamanager.js')
const storageModule = require('./storage.js')

const genericSort = (list, key, ascending, customOrder) => {
    let sorted
    if (customOrder) {
        sorted = list.sort((a, b) => {
            const aValue = a.result.toLowerCase()
            const bValue = b.result.toLowerCase()

            const aIndex = customOrder.findIndex((item) => item.toLowerCase() === aValue)
            const bIndex = customOrder.findIndex((item) => item.toLowerCase() === bValue)

            // Compare the indices to determine the sort order
            return aIndex - bIndex
        })
    } else {
        sorted = list.sort((a, b) => a[key] === b[key] ? 0 : a[key] > b[key] ? 1 : -1)
    }

    if (ascending) {
        sorted.reverse()
    }
    return sorted
}

const durationSort = (list, ascending) => {
    const parseDuration = (duration) => {
        if (duration.includes(':')) {
            // If it's in the format "HH:mm:ss"
            const [hours, minutes, seconds] = duration.split(':').map(Number)
            return (hours * 3600 + minutes * 60 + seconds) * 1000
        } else {
            // If it's in the format "nnn ms"
            return parseInt(duration)
        }
    }
    const sorted = list.sort((a, b) => parseDuration(a['duration']) - parseDuration(b['duration']))
    if (ascending) {
        sorted.reverse()
    }
    return sorted
}

const doInitSort = () => {
    const type = storageModule.getSort(manager.initialSort)
    const ascending = storageModule.getSortDirection()
    const list = manager.testSubset
    const initialOrder = ['Error', 'Failed', 'Rerun', 'XFailed', 'XPassed', 'Skipped', 'Passed']

    storageModule.setSort(type)
    storageModule.setSortDirection(ascending)

    if (type?.toLowerCase() === 'original') {
        manager.setRender(list)
    } else {
        let sortedList
        switch (type) {
        case 'duration':
            sortedList = durationSort(list, ascending)
            break
        case 'result':
            sortedList = genericSort(list, type, ascending, initialOrder)
            break
        default:
            sortedList = genericSort(list, type, ascending)
            break
        }
        manager.setRender(sortedList)
    }
}

const doSort = (type, skipDirection) => {
    const newSortType = storageModule.getSort(manager.initialSort) !== type
    const currentAsc = storageModule.getSortDirection()
    let ascending
    if (skipDirection) {
        ascending = currentAsc
    } else {
        ascending = newSortType ? false : !currentAsc
    }
    storageModule.setSort(type)
    storageModule.setSortDirection(ascending)

    const list = manager.testSubset
    const sortedList = type === 'duration' ? durationSort(list, ascending) : genericSort(list, type, ascending)
    manager.setRender(sortedList)
}

module.exports = {
    doInitSort,
    doSort,
}

},{"./datamanager.js":1,"./storage.js":8}],8:[function(require,module,exports){
const possibleFilters = [
    'passed',
    'skipped',
    'failed',
    'error',
    'xfailed',
    'xpassed',
    'rerun',
]

const getVisible = () => {
    const url = new URL(window.location.href)
    const settings = new URLSearchParams(url.search).get('visible')
    const lower = (item) => {
        const lowerItem = item.toLowerCase()
        if (possibleFilters.includes(lowerItem)) {
            return lowerItem
        }
        return null
    }
    return settings === null ?
        possibleFilters :
        [...new Set(settings?.split(',').map(lower).filter((item) => item))]
}

const hideCategory = (categoryToHide) => {
    const url = new URL(window.location.href)
    const visibleParams = new URLSearchParams(url.search).get('visible')
    const currentVisible = visibleParams ? visibleParams.split(',') : [...possibleFilters]
    const settings = [...new Set(currentVisible)].filter((f) => f !== categoryToHide).join(',')

    url.searchParams.set('visible', settings)
    window.history.pushState({}, null, unescape(url.href))
}

const showCategory = (categoryToShow) => {
    if (typeof window === 'undefined') {
        return
    }
    const url = new URL(window.location.href)
    const currentVisible = new URLSearchParams(url.search).get('visible')?.split(',').filter(Boolean) ||
        [...possibleFilters]
    const settings = [...new Set([categoryToShow, ...currentVisible])]
    const noFilter = possibleFilters.length === settings.length || !settings.length

    noFilter ? url.searchParams.delete('visible') : url.searchParams.set('visible', settings.join(','))
    window.history.pushState({}, null, unescape(url.href))
}

const getSort = (initialSort) => {
    const url = new URL(window.location.href)
    let sort = new URLSearchParams(url.search).get('sort')
    if (!sort) {
        sort = initialSort || 'result'
    }
    return sort
}

const setSort = (type) => {
    const url = new URL(window.location.href)
    url.searchParams.set('sort', type)
    window.history.pushState({}, null, unescape(url.href))
}

const getCollapsedCategory = (renderCollapsed) => {
    let categories
    if (typeof window !== 'undefined') {
        const url = new URL(window.location.href)
        const collapsedItems = new URLSearchParams(url.search).get('collapsed')
        switch (true) {
        case !renderCollapsed && collapsedItems === null:
            categories = ['passed']
            break
        case collapsedItems?.length === 0 || /^["']{2}$/.test(collapsedItems):
            categories = []
            break
        case /^all$/.test(collapsedItems) || collapsedItems === null && /^all$/.test(renderCollapsed):
            categories = [...possibleFilters]
            break
        default:
            categories = collapsedItems?.split(',').map((item) => item.toLowerCase()) || renderCollapsed
            break
        }
    } else {
        categories = []
    }
    return categories
}

const getSortDirection = () => JSON.parse(sessionStorage.getItem('sortAsc')) || false
const setSortDirection = (ascending) => sessionStorage.setItem('sortAsc', ascending)

const getCollapsedIds = () => JSON.parse(sessionStorage.getItem('collapsedIds')) || []
const setCollapsedIds = (list) => sessionStorage.setItem('collapsedIds', JSON.stringify(list))

module.exports = {
    getVisible,
    hideCategory,
    showCategory,
    getCollapsedIds,
    setCollapsedIds,
    getSort,
    setSort,
    getSortDirection,
    setSortDirection,
    getCollapsedCategory,
    possibleFilters,
}

},{}]},{},[4]);
    </script>
  </footer>
</html>